<?xml version="1.0" encoding="UTF-8"?>
<testsuite name="org.audiveris.omr.moment.ARTExtractorTest" tests="1" skipped="0" failures="0" errors="0" timestamp="2025-06-03T06:26:46" hostname="Robs-Fun-Shack.attlocal.net" time="0.298">
  <properties/>
  <testcase name="testAllShapes" classname="org.audiveris.omr.moment.ARTExtractorTest" time="0.298"/>
  <system-out><![CDATA[23:26:46.882 [Test worker] DEBUG org.audiveris.omr.ui.symbol.OmrFont -- No sizeMap for SansSerif
23:26:46.882 [Test worker] DEBUG org.audiveris.omr.ui.symbol.OmrFont -- Null or empty sizeMap for SansSerif
23:26:46.882 [Test worker] DEBUG org.audiveris.omr.ui.symbol.OmrFont -- Creating fontName: Sans Serif fileName: null size: 10
23:26:46.882 [Test worker] DEBUG org.audiveris.omr.ui.symbol.OmrFont -- Caching font: java.awt.Font[family=Dialog,name=Sans Serif,style=plain,size=10] key:SansSerif
23:26:46.883 [Test worker] DEBUG org.audiveris.omr.ui.symbol.OmrFont -- Using platform font: Dialog
23:26:46.883 [Test worker] DEBUG org.audiveris.omr.ui.symbol.OmrFont -- No sizeMap for Serif
23:26:46.883 [Test worker] DEBUG org.audiveris.omr.ui.symbol.OmrFont -- Null or empty sizeMap for Serif
23:26:46.883 [Test worker] DEBUG org.audiveris.omr.ui.symbol.OmrFont -- Creating fontName: Serif fileName: null size: 64
23:26:46.883 [Test worker] DEBUG org.audiveris.omr.ui.symbol.OmrFont -- Caching font: java.awt.Font[family=Serif,name=Serif,style=plain,size=64] key:Serif
23:26:46.883 [Test worker] DEBUG org.audiveris.omr.ui.symbol.OmrFont -- Using platform font: Serif
23:26:46.883 [Test worker] DEBUG org.audiveris.omr.ui.symbol.OmrFont -- Caching font: org.audiveris.omr.ui.symbol.TextFont[family=Serif,name=Serif,style=plain,size=64] key:Serif
shape:DOT_set
shape:HW_REST_set
shape:EIGHTH_set
shape:DAL_SEGNO
shape:DA_CAPO
shape:SEGNO
shape:CODA
shape:BREATH_MARK
shape:CAESURA
shape:FERMATA
shape:FERMATA_BELOW
shape:REPEAT_ONE_BAR
shape:REPEAT_TWO_BARS
shape:REPEAT_FOUR_BARS
shape:G_CLEF
shape:G_CLEF_SMALL
shape:G_CLEF_8VA
shape:G_CLEF_8VB
shape:C_CLEF
shape:F_CLEF
shape:F_CLEF_SMALL
shape:F_CLEF_8VA
shape:F_CLEF_8VB
shape:PERCUSSION_CLEF
shape:FLAT
shape:NATURAL
shape:SHARP
shape:DOUBLE_SHARP
shape:DOUBLE_FLAT
shape:TIME_ZERO
shape:TIME_ONE
shape:TIME_TWO
shape:TIME_THREE
shape:TIME_FOUR
shape:TIME_FIVE
shape:TIME_SIX
shape:TIME_SEVEN
shape:TIME_EIGHT
shape:TIME_NINE
shape:TIME_TWELVE
shape:TIME_SIXTEEN
shape:COMMON_TIME
shape:CUT_TIME
shape:TIME_FOUR_FOUR
shape:TIME_TWO_TWO
shape:TIME_TWO_FOUR
shape:TIME_THREE_FOUR
shape:TIME_FIVE_FOUR
shape:TIME_SIX_FOUR
shape:TIME_THREE_EIGHT
shape:TIME_SIX_EIGHT
shape:TIME_TWELVE_EIGHT
shape:OTTAVA
shape:QUINDICESIMA
shape:VENTIDUESIMA
shape:LONG_REST
shape:BREVE_REST
shape:QUARTER_REST
shape:EIGHTH_REST
shape:ONE_16TH_REST
shape:ONE_32ND_REST
shape:ONE_64TH_REST
shape:ONE_128TH_REST
shape:FLAG_1
shape:FLAG_1_DOWN
shape:FLAG_2
shape:FLAG_2_DOWN
shape:FLAG_3
shape:FLAG_3_DOWN
shape:FLAG_4
shape:FLAG_4_DOWN
shape:FLAG_5
shape:FLAG_5_DOWN
shape:SMALL_FLAG
shape:SMALL_FLAG_DOWN
shape:SMALL_FLAG_SLASH
shape:SMALL_FLAG_SLASH_DOWN
shape:GRACE_NOTE_DOWN
shape:GRACE_NOTE_SLASH
shape:GRACE_NOTE_SLASH_DOWN
shape:METRO_WHOLE
shape:METRO_HALF
shape:METRO_QUARTER
shape:METRO_SIXTEENTH
shape:METRO_DOTTED_HALF
shape:METRO_DOTTED_QUARTER
shape:METRO_DOTTED_EIGHTH
shape:METRO_DOTTED_SIXTEENTH
shape:ACCENT
shape:TENUTO
shape:STACCATISSIMO
shape:MARCATO
shape:MARCATO_BELOW
shape:ARPEGGIATO
shape:DYNAMICS_P
shape:DYNAMICS_PP
shape:DYNAMICS_PPP
shape:DYNAMICS_MP
shape:DYNAMICS_F
shape:DYNAMICS_FF
shape:DYNAMICS_FFF
shape:DYNAMICS_MF
shape:DYNAMICS_FP
shape:DYNAMICS_SF
shape:DYNAMICS_SFZ
shape:TR
shape:TURN
shape:TURN_INVERTED
shape:TURN_UP
shape:TURN_SLASH
shape:MORDENT
shape:MORDENT_INVERTED
shape:TUPLET_THREE
shape:TUPLET_SIX
shape:PEDAL_MARK
shape:PEDAL_UP_MARK
shape:DIGIT_0
shape:DIGIT_1
shape:DIGIT_2
shape:DIGIT_3
shape:DIGIT_4
shape:DIGIT_5
shape:ROMAN_I
shape:ROMAN_II
shape:ROMAN_III
shape:ROMAN_IV
shape:ROMAN_V
shape:ROMAN_VI
shape:ROMAN_VII
shape:ROMAN_VIII
shape:ROMAN_IX
shape:ROMAN_X
shape:ROMAN_XI
shape:ROMAN_XII
shape:PLUCK_P
shape:PLUCK_I
shape:PLUCK_M
shape:PLUCK_A
shape:PLAYING_OPEN
shape:PLAYING_HALF_OPEN
shape:PLAYING_CLOSED
shape:TREMOLO_1
shape:TREMOLO_2
shape:TREMOLO_3
shape:CLUTTER
DOT_set                        BasicARTMoments{ 172 357 222 198   2   3  11  10  28  28  65   5  22  55  38  31  30  27   7  45  41  22   9  38 109  52  64   5  47   8  85  25  78  53   2 100  29  14  10  83 100   3  32  61  82  21  11  38   8  90  50 122 152  99 178  29  83 152  27   5  17   8  78 132  40  24 221  43 161 110  52 212 192 135  14 132  60 174  40 157  73  86  60   1 112  35  17  27 273 297 156  71 203 217 195  99 139  68  65}
HW_REST_set                    BasicARTMoments{ 145 206  74   9   0   0   0   0   0 375 242  37  78  21   0   0   0   0   0  51  52  91  28  20   0   0   0   0   0  39  86  10   5  43   0   0   0   0   0  57  68  57  47   3   0   0   0   0   0  32  64   7  57  55   0   0   0   0   0  57  24  35  22  19   0   0   0   0   0  79  24  36  47  27   0   0   0   0   0  11   6  20   3  51   0   0   0   0   0  84  62   5  48  34   0   0   0   0   0}
EIGHTH_set                     BasicARTMoments{ 154 491 130 103 118 163 124 170  28 683  27 407  43 143 137 127 168 194  61 386  27 232  79 151 234  71  93  69  99 141  59  77  80  56 257  57  82  55  64 130  46  46  68  28 182  60  82  36  83 164  53  66   3  17 112  39  28  34  52 149  71  56  33  16 112  38  34  25  23 110  55  35  34  31 123  41  55  19   9  85  44  22  18  34  85  48  33  22  13 102  32  36  15  17  68  49  27  21  13}
DAL_SEGNO                      BasicARTMoments{  13 335  50 236  30  33  42 128  83 471 157 171 225  67  77  47  44  86  84  14 138  56 163  30  98  25  39  46  37  56  67  68  48  76  37  93  64  69  17  34 126 130 115 119  30  66  67  61  76  44  61  78  32  84  45  28  49  34  32  42  17  34  54  25  26  37  75  13  42  13  12  25  31  61  50  51  36  22  20  41  18  12  28  28  58  36  16  24   6  27  28  21  14   6  23  20  24  16   2}
DA_CAPO                        BasicARTMoments{ 113 273   8 168  49  51 126 184 161 397 128 146 154  13  54  44 136 122 156  74 108  99 118  65  98  22  85  60  73 182  58  87 102  19 120  60  36  96  30  92 117  55 127 115  32  77  97  19  56  45  86  88  27  87  13  71  89   9  51  35  34  28  64  30  75  53  25  19  18  40  13  34  62  52  88  35  36  21  31  23  20  38  30  32  56  27  25  40   7  40  27  16  28  19  34  33  12  19  28}
SEGNO                          BasicARTMoments{  27 360  88  47   4   5   6  10   3 175 142  55 189 103  16   2   5  14   7 145  60  53  97  31  19   6  11  11   9  36  60 138  20 167  18   5   9  11   4 234  71 124  80  32  20   6  10  11   6 206  54 102  48  13  27  15   7   8   8  96  34  14  22  23  18   9   5   4   5 119  56  50  27  16  10   8   6   6   6  83  46  17  26  28  15  16   5   6   2  60  31  24  10  13  20  12   5  11   3}
CODA                           BasicARTMoments{ 278 590 324 249   0   1   2   7  13  65  75  15 138  72  12   3   2   5   1 199  41  34  67  56  14  10   2   6   6  65  23  15  45  68  14   3   6   6   6 179   8  93  25   8  12   6   3   6   5  49  10  18  26  34  18   1  12   4   4 133  13  82  42   7  16   3  10   5   3  34   4  12  14  28  12   3  10   3   4 113  12  61  57  23   9   1   6   1   3  15   5   3   0  20  10   4   9   4   1}
BREATH_MARK                    BasicARTMoments{ 189 394 172  53  87 113 166  64  86 239 138 173 108  52 137  90  92  35  10 107  64  57  53  32  75  76  72  70  57  26  62  82   7  45  24  67  49  45  35  40  87  30  47  16  34  75  51  33  22  67  12  70  35  25  25  39  36  32  10  47  78  11  31  39  43  24  12  30  15  88  70  61  36  21  63  45  37  54  60  92  64  10  66  44  88  74  38  45  72  82  83  50  23  61  23  11  52  46  33}
CAESURA                        BasicARTMoments{  29 336 120 160   1   2   3   6   3 300 287 116 203  78  13   2   6   8   3 135 142 194 136  74   7   5   8   4   5 298 102 210 101  77  16   4   1   1   2 294 188  89 171  41   3   6   3   6   6 216 177  43 102  90   7  10   2   5   7 104 119  85  20  59   7   4   8   2   6  39  60  73  38  13   8   2   9   2   4  58  45  55  42  19   7   4   4  13   4  80  44  35  38  10  21   8  17  11   1}
FERMATA                        BasicARTMoments{  45 405 256   3 125 163  88 106  48 200 225  68 217  54 115 203 280 125 119 201  42 170 122   6 143 116  70   9  91  57  20 101 155  13   5  62  50  94 125  55  60 102  78  41  25  21  43 105  84  22  28  41  13  77  21  56  63  51  42   4  24  37  34  78  34  16   0  19   8  39  31  32  46  48  36  12  11  34  51  16   4  15  12   9  29  27  19  40  35  19  13  23  25  32  11   5  14   7   6}
FERMATA_BELOW                  BasicARTMoments{  48 412 254   5 121 157  87 101  38 190 227  70 218  51 113 193 281 122 123 208  38 176 113  11 129 111  83  15 100  54  31  86 144  27  17  54  46  81 127  49  63 101  68  47  47  12  36 114  76  20  33  29  20  57  18  52  76  49  26  10  31  28  38  82  36  10   5  28   8  44  41  23  40  58  35  19  12  23  54  26   9   4  12   5  35  26  27  38  17  17   8  30  29  16  13   6  17   9   3}
REPEAT_ONE_BAR                 BasicARTMoments{  84 200 193 140   3   3   7   2   4 313  49  43 194  19   6   5   7   2   5 624 239 220 187  65   6   4   8   5   7 218 119  37  71  30   9   7   6   4   6 283 172  78 145  54   6   8   5   3   8 149 112  38  44  23  10   4   5   4   6  68  69  85  36  56   5   6   5   4   7  41  54  67  41  31   6   4   2   4   9  39  46  37  19  36   8   3   4   6   6  47  31  63  77  21   2   4   0   5   5}
REPEAT_TWO_BARS                BasicARTMoments{ 287 359  94  37   1   1   3   3   2 159  11 178 116  67   3   2   4   1   3 118  74  44  78 140   3   1   1   1   1 387  92 268 171 122   4   2   5   1   3 199  42 149  77  62  11   1   7   2   3  45  30  23  59  17   4   4   5   2   4 216  38 150  69  48   6   2   4   5   6 181  38 109  70  22   3   5   5   2   4 107  10  53  23  35   4   4   4   6   3  86  19  25  42  38   3   3   4   2   5}
REPEAT_FOUR_BARS               BasicARTMoments{ 243 344 159 128   2   3   1   3   2 280  96 176  92  20   3   1   2   2   2 220  20  88 110  32   3   4   2   2   1 179  37  72  33  56   6   2   3   1   3 125  60  68  92 174   1   3   1   3   4 137  89  24 119 135   4   2   3   3   2  16  97  67 136 137   6   3   4   3   2 141  38 103  52  78   2   3   3   6   0  48  13  30  11  18   7   2   2   4   2  49  34  48  23  66   4   3   3   5   3}
G_CLEF                         BasicARTMoments{ 195 162 155 258  17  22  42  74  65 392 202 153 137  67 129  72  63 127  93 349 135  64  73 113 118  20  16  56  75 223 143  35  67  58 126  32  16  74  34 154 101  33  44  45  78  19  20  62  44 125  59  66  13  60  51  22  61  59  26  97  43  74  37  45  78  30  94  76  29  74  31  54  50  32  96  40 107  97  36  17  50  44  41  28  95  43 106 102  40  10  19  49  24   5  80  35  82  92  46}
G_CLEF_SMALL                   BasicARTMoments{ 195 173 147 249  15  20  40  70  56 421 183 164 122  59 120  59  58 119  69 355 135  80  77  94 118  19  27  56  49 229 140  41  67  52 111  18  18  57  23 158 103  27  49  46  65  22  17  40  26 122  65  59  11  60  39  32  61  41  12  89  46  63  19  40  62  33  94  61  26  56  38  44  41  23  85  35  99  73  31  20  46  34  30  40  82  33  94  72  24  21  25  50  24  20  63  22  66  70  31}
G_CLEF_8VA                     BasicARTMoments{ 252 142  96 261  59  73  55  45  77 477 134 195  87  55 179  71  63 148  44 363 119  98 121  86 117  31  32  67  71 279 118  68  75 106 138   5  21  49  17 163 126  11 109  51 119  18  26  37  42 109 116  45  95  71  81  49  58  21  43 103  83  77  71  85  68  59 106  44  43  86  75  65  47  78  82  70 125  52  63  57  81  54  31  73  79  50 132  59  53  58  61  34  34  53  64  48 106  56  52}
G_CLEF_8VB                     BasicARTMoments{ 198 139 136 251  30  40  40  60  30 419 205 182 143  71  48  53  22  91  45 384 162 110  88  44  92  51   7  56  11 272 157  53  84  34  76  52  33  63   7 215 108  49  48  42  53  47  53  43  23 161  81  73  12  72  16  39  73  28  34 117  47  94  41  68  25  25  90  40  41  67  37  70  65  71  47  17  93  64  44  42  17  65  63  30  55  13  85  79  41  41  26  51  51  29  49  12  71  81  41}
C_CLEF                         BasicARTMoments{ 124 331 205  88  35  50  54  79  66 137 137  40 162 125   3  18  51   8  53 203  98  49  96  52  81  45  30  50  29   9  96 137   6 126 125  11  93   2  19   7  24  22 120  23 112  60  20  73  55  40  33  21   6  56  79  27  20   6  20  16  20  40  18  12  41   6  47   4  29  38   5  32  32   9   4   8  29  33  12  16  41  10  24  47  27   3  30  21   4  30  22  19   9  32  19  24   2  32  14}
F_CLEF                         BasicARTMoments{ 288 448 362  16  98 129 109  70 108  67 133  91  89  65 271 152 162 191 116 184  10 115  74  74  21  84  57 133  44  63  59 132  82 123 100  44  24  62  11  91  44 119  71  76  66  43 102  38 102 100  19  31  48  47  24   9  50  68  54  31  32  30  35  57   3  18  47  53  45  35  20   8  22  40  22  25  33  29  25  11  19  37  20  56  46  10   8  25  31   9  10  20  35  20  25  13   3  18  29}
F_CLEF_SMALL                   BasicARTMoments{ 250 408 259  16  92 120 119  64  82  39 130  57  78  45 258 151 144 145  97 170  41 117  75  67  42 106  59 136  32  17  43  92  33  95 125  69  66  80  61  85  60 131  92  67  59  42  62  23  75  95  45  66  68   8   7  14  72  45  57  44  36  14  52  58  15  13  44  49  43  39  25  11  32  23  15  15  34  47  35  26  15  19  16  21  13  21  15  27  35   4  15  24  31  25  11  18  23   8  18}
F_CLEF_8VA                     BasicARTMoments{ 294 401 350 103  72  93  69  20  27 104 168 151 151  77 102 159  41 174 145 233  40 181  29  73 137  48  34  48  35 140  50 187  97 131  89  55  46  84  85  52  23  21  94  17  70  55  98  73  80  77  27  87  26  84  68  21  27  60  51  32  20  29  24  49  39  15  26  40  44   8  21  38  15  57  17   7  13  35  32  48  13  15  26  40  30  15  52  15  24  39   9  10  16  34  19  10  28  26  27}
F_CLEF_8VB                     BasicARTMoments{ 200 443 201  61 111 153 166 133 168 194 142 141 116  29 362  93 167 140  90 189  73 106  50  51 121 125  74 201  51 152  41  90  11  48 137  44  77  75  52 123  46  87  45  55  23  29  37  21  21  93  33  70  37  74 101  16  55  32   8  20  27  37   6  29  53  31   7  26  44  42  18  17  37  23  42  23   9   8  37  36  24  28  36  34   6  19  22   8  22  30  17   9  10  18   1   3  15  22  21}
PERCUSSION_CLEF                BasicARTMoments{ 201 345 107  67   0   0   0   0   0  38 128  66  55  73   1   1   0   1   1 233 108   4  10  49   2   2   0   0   2 158  82  23  38   3   3   2   1   1   2  46   7  55  18   1   3   2   0   1   2  20  20  73  57  37   3   2   1   1   2  47  16  27  30  12   3   2   1   1   2  49  42   1   2  19   3   2   1   1   2  36  17   1  15  13   2   2   1   1   2   3   8  19  28  14   2   2   1   1   2}
FLAT                           BasicARTMoments{ 291 252 231 104  39  62 243 167 120 266 179 231 135 176 274  55 135  81 108 149 139  65 128 109 249  93 145  55  71  93 111  44 104  22 192 122  87 105  50 108  76 107  40  29 141 107  32 110  13 152  54  83  56  56  68 100  45  67  44 110  91  77  57  25  82  52  81  18  49 107  68  30  91  24  81  58  69  33  47  55  85  20  39  49  72  50  66  41  20  66  32  66  36  23  88  36  31  51  22}
NATURAL                        BasicARTMoments{ 200 289 358 152  11  11   6   4   6 526  91 260 160  86   4   8   6   4   5 239 140  37  43  83   6   5   4   4   1 197 137 116  40  62  14   6   4   3   6 225 141 128  67  81  11   8   2   1   7 208 139  78  85  27  11   8   4   2   6 159 124  56  67  31   5   7   7   4   6 113 107  79  51  54  10   7   7   6   5 103  90  90  60  43  15   2  10   6   7  99  89  68  66  27  14  11   7   4   3}
SHARP                          BasicARTMoments{ 125 398 262 117   4   5  12  12  13 492 119 243  99  91  24   4  13   2  15 159 122  92  88  54  32  12  17  13   7  61  40 124  30 105  39  27  21  31   8 119  38 125  68  28  58  31  26  35   9 117  77  64 100  10  69  33  23  32  13 173  94  33  68  60  68  36  15  30  25 191 104  33  52  60  59  35  12  23  31 146 106  21  55  58  41  33  14  14  24  91  87  42  28  51  21  24  23   4  21}
DOUBLE_SHARP                   BasicARTMoments{ 228 165 128 167   3   3   1   5   5  35  18  10  21  16  15   5  11   2   9 524 197  61  37  19  15   3  12   5   7  14   7   8   4  16   7   3   2   2   9  19  55 110  93  82  10   5   6   7   7  23   9  13  15   2  27   1   4   4   7   6  21 106  40  21  16   8   9   6   5  22  12   3  10  18   4   7  11   2   7  81  28  13  26  16  19   9   8   9   3   2  10  12   8  23  11   2   3  10   9}
DOUBLE_FLAT                    BasicARTMoments{ 195 417  68 112  56  75 130  56 145 133  85  29 129  70  72 137  74 137  91 103  56  68 104 100 148  46 137  43  76 108  31  49  52  30 154  57 131 111  76  71  27  12  60  45 153  89  90 106  30  75  64   6  85  70 120  60  42  33  13  60  77  43  78  83  63  36  24   9  34  36  50  40  30  36  23  20  34  12  36  32  19  49  42  14  17   5  22  24   9  70   5  30  42  15  24  18   9  36  44}
TIME_ZERO                      BasicARTMoments{ 141 647 272  42   5   7  16   2  20  85 109 101 149  96  14   2  14  10   6  80   6  86   9  61   8   4   6  11   1  48  17  47  33  38   4   5   1  11   5  22  10  21  26  21   1   4   2  10   7  11   3  11  13  10   7   3   5   5   4  21   8  10  16   8   4   1   2   3   7  10   6   4   9   5   1   2   0   1   1  10   7   2  11   9   4   3   1   5   6   4   6   3   8   7   7   2   5   3   2}
TIME_ONE                       BasicARTMoments{   6 266  13  98  32  39 100  30  92 515 170 160  96 102 100  28  51  30  44 232 131  52 124  57  35  35  26  32   8  30  25  23  60  60  15  32  49  37  13  63  37  14   6  15  46  27  26  24  28  62  68  13  15  26  30  27   2  19  11  25  37   6  20  39  28  23  22  26  16  19  21  24   7  20  19  20  25  17  23  39  20  11   4   6  17  17  10  15   3  40  23  28  14  15  20  12  12  17  10}
TIME_TWO                       BasicARTMoments{ 133 431 220  73  34  42  15  34  64 199 109  74 126  51 209  34 178  82  63 249  81  91  73  32  96  36  29  13  28  89  40  16  34  24  83  53  26  27  25  53  26  28  16  40  66  41   6  21  15  77  29  17   3  14  51  33  26   8   3  16  29  32  11  18  24  30  17  18   9  16  36  20  26   4  19  16  16  17  11  21  23  12  13  11  14  10  28  14   5   7   9  22   6   8  18   4  21   7   6}
TIME_THREE                     BasicARTMoments{ 120 422 243 122  45  61  57  45  26 167 154  52 166  91  76  40  31   3  10 272  39 189  39  42  52  17  60  27  33  84  15  25  23  21  32  22  21  24  32  16  11  42  31  40   2  14   2  21  16  57   8  35  21  27  31   5  25  25  14  39  22  11   7   9   9   9  10   9  13   1  15  16   3   5   7   6   5  11   9  34  23   9  10  14   6   5   6   6   4  14   8  28  10  21  20   2  13  10  10}
TIME_FOUR                      BasicARTMoments{ 147 485  71   2  26  34  49   3  61 233  72 113 139  47 132  68 100  86  48 115  76  90 125  39  34  25  74  17  98  51  17  55  38  36  42  44  18  70  25  36  28  16  53  37  48   6  37  13  31  55  16  39  34  36  53  27  15  32  23   4   5  34  31  25  36  22  23  33  18  26  25  16  27  34   3  11  11  27  17  14  10   6  10  17  16   6  13   9  14   7   3   8  10   7  15  10  14   5   7}
TIME_FIVE                      BasicARTMoments{ 135 441 173 121  28  38  91  23  38 218 174  56 211 135 178  31  93  54  29  98   4  55   6  33  61  18  74  20  42  73  64  21  31  44  40  47  24  52  37  78  36  23  15  16   7  16  21  10  10  33  11  20  20  22  18  14  11   8  13  25  17   7  19  16  37  12   8  13   7   5  14  13  11   7   9   6   9   7  13  12  10   4   1  12  17  13   4  10   7  16  15   4   4   3   9  17   9  11  13}
TIME_SIX                       BasicARTMoments{  70 510 195  18  25  34  62  21  69  30 160  51 184  95 108  49  52  48  31 156  16 117  31  39  49  15  33  42  14 102  29  73  29  27  41  15  16  22  26  42  17  22  23  28  10  13  10  21  19  19  13  21  23  19  13  11  21  12  16  26  13  20  25   5  17   6  10  15   9  15   5   3  15  12  25   1   5  12  13  14   3   4   4   9   5   8   4  15  12   3   5   6  11   6   5   3  13   6  12}
TIME_SEVEN                     BasicARTMoments{  27 524   8  35  90 128  87 168 118 352  36 170  38  14 290 136 164 161  19  56  37  47  45  46 147  46  50  49  78  84  42  49  74   7  61  34  26  48  39  44  24  34  33  48  64  21  31  27   4  66  30  29  41  18  35  35   3  40  34  68  35  23  30  21  33  21   5  13  15  44  17   7  24  16  19  14   3  20  19  33  22  20  16  16  12   6   5  14   8  20  11   7  18  11  21  14  15  11   5}
TIME_EIGHT                     BasicARTMoments{  58 317 209 246  23  33  26  45  27 133 161 152 185 187  23  20  12  19  18 199  51 136 112  25  45  20  43  42  21  29  22  60  30  70  42  11  40  10  36  48  20  48  26  44  15  16  31  36  36  17   9  17  23  12  10  11  15  24  11  21  13  26   2  15  14   3   6   8   4  16   6   5   2  17  10   3   3   5   7  11   3   9   6   5   7   9   5   5   5  16  12  11   6  12   6   9   1  10   7}
TIME_NINE                      BasicARTMoments{  74 499 206  25  28  38  59  24  66  28 161  53 181  98 111  55  51  50  27 158  17 118  32  40  46  11  34  39  18  99  26  67  38  33  35  24  12  25  18  23  11  17  22  29  19  19  11  28  28  19   7  18  31  21   5   2  18   2  21  26  10  16  22   3  21   3  11  14   7  27   5   9  18   9  21  11   9  11  14  11   5   4   6  12  13   7   5   5   6   7  12   5  10  11   7   6  10   2   6}
TIME_TWELVE                    BasicARTMoments{ 100 524 155  33  21  25  63  29 111 197 137 112 152  20  82  67  40 101  20 114  95  30 171  66 110  44  82  62  56 128  67  84  71 102  92  59  49  62  34  75  12  57  15  17  28  42  18  28  35  34  23  17  14  27  22   4  34  18  27   4  14  12  23  33  25   8  18  12  21  15  10  11   4  21  15  11   6   2  16  26  12  12   7  11  29  14   7   4   9  17  13  17   6  14  12  13  11   6  13}
TIME_SIXTEEN                   BasicARTMoments{  58 409 224  71  18  23  52  14 101 229 124 127 140  45  59  40  42  91   6 130 110  37 167  69 109  25 109  42  76  77  81  31  81  94  42  37  21  41  15  57  45  19  47  57  33  26  11  27   7  53  34  12  34   3  42  14  42  38  31  26   6  21   8  27  20  14   1  14  11  24  10   6   7   9  28  15  14   8  13  14  11   6  20   7  24  13  17  10  15  22  15  17  13   5  17  15  15   9  13}
COMMON_TIME                    BasicARTMoments{ 101 593 155   3  97 138 134 168 161 152 131 141 196  96 135  35 136  12 141 142  10  84  43  32 127  37  95  76  32  44  16  19  55  39  23  14  10  24  29   6   5  17  16  27  29   1  24  10  20  31   2  25   3   8  30   4  23   6   9  26   7  19  13  10  14   4   6  10   8   8   3   3   8   5  17  12  11  20  15  13   7  14  13  13  17   6   9   9   1  16  10   6  10   8   5   2   3   6   1}
CUT_TIME                       BasicARTMoments{ 209 543 213 118  58  87  16 175  75 236  74 124 147  53 100  31  55  95  44  85  30  30  66  61  59  13  73  22  77 175  22  85   6  30  35   5  24  16  27 118  22  23  24  62  29   7  27   5  23 132  29  64   7  48  49   4  36  24   6  91  29  17  31  42  29  10  17   2   2  66  39  19  20  47  25   8   9  11  15  68  40  17  52  15  17  19  13  21  10  45  49  25  27  30  16  18  16  14  14}
TIME_FOUR_FOUR                 BasicARTMoments{  28 274  35  67  14  22  20  64  55 619 153 232  68  64  23  19  46  29  30 236 165  12 109  70  88  18  38   8  65  71 117  93  60  70 135  42  73  13  45  91  58  59  34  51 104  27  60  43  35  72  35  19  52  34  52   5  64  43   3  26  21   8  10  35  57   8  58  48   3  22   1  21  10  36  43  24  22  36  20  12  20  11   6  46  22  22   7   8  10  12  12  13  20  15   6  17  16  14  15}
TIME_TWO_TWO                   BasicARTMoments{  41 142  95 233  20  20  36  64  36 451 272  56 116  69  55  43  49  37  42 131 189  58 128  27   5  52  37 111  76  31  10  15  55   8  79  57  48 109  43 111  72  34  43  84  89  40  52  93  31 127  94  16  54  48  67  30  45  38  15  71  64  24  32  37  38  35  29  18   3  10  24  21  16   7  42  29  21  20   3  29  13  26  10  19  38  33   8  14   5   8  14  27  29  14  41  32   6  16  15}
TIME_TWO_FOUR                  BasicARTMoments{  56 144  26 187   4   5  54  27  59 573 218 109 109  67  95  47  58  46  49 208 159  43  48  27  46  69  31  82  31  57  43  73  71  36 114  90  43  72  56 138  65  79  97  49 144  84  35  48  58 111  55  34  52  24 123  62  21  27  29  16  25  34   6  13  50  41  15  32   6  41  20  43  33   8  22  12  14  19   6  47  17  12  24  23  11   7  15  15   2  29  23  13  16  19  19   9  21  17   8}
TIME_THREE_FOUR                BasicARTMoments{  27 194   9 137   8   7  26  65  18 562 219 155  81  50 125  70  62  66  35 173 213  54 133  12  79  17  32  11  18  59  86  70   8  16  92  46  62  39  56  94  51  63  47  57 121  48  41  29  80  87  42  20  57  38 116  62  35  59  44  32  39  14  23  38  90  46  40  59  24  36  25  27   7  19  45  23  26  33   5  30  29   4  19  25  12   9   9   8   9   8  18  12   5  15   9   7  19  15   8}
TIME_FIVE_FOUR                 BasicARTMoments{  26 177  38  99   6   1  42  98  28 576 217 140  39  47 110  72  82  43  52 170 229  67 119  35  41  34  49  21  54  88 118 116  31  58  75  40  33  19  33  92  59  77  21  13  95  38  45  35  30  62  16   4   6   9  85  39  31  28   5   8  15  43  48   5  62  34   8  18  20  34  21  60  53   7  34  26   9   6  26  26  31  26  44   5  18  15   6  13  27  21  15  22  15   9  13  14  13   9  21}
TIME_SIX_FOUR                  BasicARTMoments{  49 234  14  80   1   5  41  53  28 566 219 170  74  32 146  61  68  69  26 131 207  62 110  15  86  42  62  18  39  63  76 128  25  27 104  65  18  36  13  92  30  82  56  27 114  64  32  40  57  70  42  31  36  30  96  55  29  35  35  28  33  18   8  23  83  45  30  49  18  19  24  31  11  23  61  36  21  40  10  25  26  12  13  29  33  22  17  16   4  23  17   6   9  14   7  14  23  16  11}
TIME_THREE_EIGHT               BasicARTMoments{  37 228 131  94  19  24  50  45  73 461 265 137  67  47  49  41  44  71  45 101 186  73 115  50  65  72  58  92  10  26  17  56  95  40  75  37  35  64  16 143  56  43  97 123  40  20  15  18  34 140  83  25  83  73  51  25  19  37  24  71  63   5  32  42  71  38  29  55  24  20  18  20   3  12  51  33  21  40  24  27  17   8  25  13  19  16   2  15  25  21  19   8  21  16  33  10  13  18  17}
TIME_SIX_EIGHT                 BasicARTMoments{  36 287  94  38  22  24  16  40  40 467 247 176  94  53  35  40  21  55  61  80 183 103 113  23  57  72  30  82  48  52   8 118  99  20  59  41  20  51  49 142  53  61 108  88  51  31   7  34   9 120  79  31  67  67  32  12  18  20  22  64  58   5  22  35  60  29  26  44  22  23  27  18   8   8  60  40  26  43  34   8  15   4  16   9  44  29  12  25  31  17   8  13  20  14  30  20  11  12  15}
TIME_TWELVE_EIGHT              BasicARTMoments{ 116 473  50  15  15  17  91  49  70 222 138 155 158  97 264  45 131  55  42   6  13  26  73  20 116 103  69 140  20  96  25  50  46  52  91  29 100  32  58 100  53  55  95  40 144  50 125  86  53  81  31  69  53  42  99  38  51  72  41  57  10  30   6  34  35  28  16  51  26  31   9  22   7  35  15  11   8  18   3  26  15   9  26  23  26  10  25  23  11  41   3  33   5  25  26  13  18  27  14}
OTTAVA                         BasicARTMoments{  20 322 141 189  16  23   5  26  10 127 216  68 242 163  61  16  40  18  15 211  64 207  22 126  54  18  54  17  36  67  48  53  73  42  35  15  29  31   7  12  24  44  52  31  10   8  13  24   2  32  16  14   3  12  17   4   8   6   8   3  14  12   7  10  14   5  13  12  21  21  11   6  12  11  12   8   1  14  16  23  21  21   5  10   2   7  13  15  13  17  15  11   6   8   5  10   5  10  10}
QUINDICESIMA                   BasicARTMoments{  22 562  77 162   9  15  42  75   7 126  63 100  25  93  53  64  17  98  68 153 136  60 147  20 144  12 117  16  72  84 113  57 115  47  90  23  69  35  44  56  82  50  65  40  23  22   5  37  18  72  54  19  25  16  28   8  15  16  25  76  46  24   4  32  16  11  11   2   9  68  42  21  16  15  22  13   8  10   7  29  53  13  12   9  15   9   9  10  17  27  27  30  23   3  12   4  16   8   4}
VENTIDUESIMA                   BasicARTMoments{  32 471  44 105   7   8  26  20  72 173 165  43 177  62  15  16  37  26  87 188  98  69 109  34  45  25  41  44  54  37 145  84 151 125 108  28  98  57 103  77  68 103  58  63  51  37  47  41  37  39  18  60  67  39   9  21  40  13  22  61  19  33  50  26  22  14  29  18  21  46  30  45  16  25  14  16  25  16  17  33  18  16  21  27  17  14   7   7  13  33  12   7   9  12  39  10  14   8  22}
LONG_REST                      BasicARTMoments{  53  80 105  88   0   0   0   0   0 639 251 107  28  31   0   0   0   0   0 363 259  10  41  31   0   0   0   0   0 178 172  96  18  13   0   0   0   0   0  43  87  92  45  25   0   0   0   0   0  21   6  58  65  10   0   0   0   0   0  76  17  10  61  35   0   0   0   0   0  57  52  31  12  40   0   0   0   0   0  48  44  42  34  35   0   0   0   0   0  24  30  41  41  15   0   0   0   0   0}
BREVE_REST                     BasicARTMoments{ 154 198  80   1   0   0   0   0   0 367 253  39  64  23   0   0   0   0   0  16  87  61  64  39   0   0   0   0   0  70  56  17  24  31   0   0   0   0   0  61  65  53  65  19   0   0   0   0   0  16  20  33  47  49   0   0   0   0   0  97 107  35  18  38   0   0   0   0   0  19  20  23  25  21   0   0   0   0   0   2  13  76  64  62   0   0   0   0   0   6   6   5   3   3   0   0   0   0   0}
QUARTER_REST                   BasicARTMoments{ 181 292  79  19  10  15  88  25  72 666  33 310  69  69  42  79  49  54  46 317 111 161  90  54  77  70  53  55  53 135 106 133 140  83 144  44  63  15  40  75  78  90 115  76 117  50  38  24  11 135  30  36  73  30  65  55  13  36  19 128  28  47  43  18  45  47  30  36  22  68  28  24  53   6  50  37  36  22  20  10  25  27  54  21  58  39  38  15  11  29  43  28  49  18  61  34  30  26   2}
EIGHTH_REST                    BasicARTMoments{ 152 407 193  74 122 165 187 110 124 446 101 220  39  31 311  91 124  45  26  72 110  97  42  56 328 122 163 109  45 104  51  87  23  70 164  99  36  81  30 162  70 107  39  50 101  59  15  12  40 105  65  44  64  37  50  31  29  16  15  93  49  15  22  31  33  20  14  48  24  44  34   3  26   7  37  20   5   9  30  20  29  19  31  17  23  34  16  18  11  33  16  17  17  26  25  14  21   9   7}
ONE_16TH_REST                  BasicARTMoments{ 188 292  75  92  36  54 223 104 204 466 167 301 116 152 142  86 127  80 113 290 131 139 109  78 201  66  63  18  35 148 105  73  66  24 235 107  80  74  10 124  54 110  26  38 202 123  68 104  16 122  46  81  31  15 152  92  23  79  43 122  55  62  43  19  73  70  41  46  45 135  62  39  59  19  35  44  44  21  33 124  56  34  54  21  38  17  35  23   6  73  60  17  38  32  48  11  16  27  27}
ONE_32ND_REST                  BasicARTMoments{ 177 239  43 160  40  33  37 233  45 604  89 302  75  73  73  43  69 188  49 276 207 154 197  61 127  34  75  90  25 146 160  18 171  28 150  65  80  32  28 152 113  75  84  12 181  80  40  22  24 156  68  96  20  22 150 111  24  70  21 151  60 103  39  16 112 107  20  81  33 148  63  92  54   8  75  93  27  57  41 142  62  58  60   9  53  64  41  20  32 110  76  28  52  22  29  48  48  11  18}
ONE_64TH_REST                  BasicARTMoments{ 164 195   0 128  21  30  50  40 212 661 100 315  39 110  64  40  47  78 184 447 147 206  79 135  66  18   6 104  94 226 181  90 146 120 107  29  32  84  39  98 164  44 161  89 137  52  62  41  28  98 120  89 115  69 150  74  61  12  34 141  88  98  49  52 138  94  38  46  30 157  65 105  18  25 122 100  12  53  13 161  65  77  55  10 105  89  24  49  42 141  69  69  64  21  73  75  43  42  56}
ONE_128TH_REST                 BasicARTMoments{ 113 152  24 113  11   3  41  55  35 741  83 256  22  87  39  42  22  19  61 489 205 222  61  16  68  11  23  40 110 325 206 117 118  26  90  10   5  52 107 188 189  33 125  60 115  30  17  47  61 109 140  66 104  77 119  63  34  36  42  86 115 101  64  85 123  85  41  34  46 120  80 116  30  72 132  91  35  44  37 144  63 100  20  62 126  94  28  51  17 145  68  85  42  28 112  89  29  55  15}
FLAG_1                         BasicARTMoments{ 143 136  31  60 132 163 141  38  15 799 101 248  94  77 111 158 109  17  65 619 171 263  92  23  84 122 100  21  59 450 208 240 122  47  71  99  88   9  25 285 216 220 155  72  66  79 102  12   8 203 182 166 190  96  57  95  93  14  19 150 146 140 173 116  74  94  91  24  25 138  98 119 151 110 100  81  82  41  16 118  76  78 151  99 125  65  67  31  39  78  54  87 109  98 100  56  67  30  37}
FLAG_1_DOWN                    BasicARTMoments{ 154 206  41  67 150 189 144  60  21 780  82 312  92  65 119 186  93  45  76 584 148 308  91  33  78 136  65  41  55 411 182 261 142  65  73 101  60  26  21 264 181 211 177  80  65  87  83  38  23 168 151 165 194  83  55  90  93  49  42 124 115 121 184  99  72  89  83  44  52  93  82 108 148  92 105  59  84  50  46  95  34  78 139  72  90  74  44  33  72  48  40  62 101  81 102  53  49  31  60}
FLAG_2                         BasicARTMoments{ 306 173 280 262  61  78 167  78  55 446 119 268 101  94  88  43 139  71 113 364 108 186  38  89  73  39  93  63  65 295 112 135  89  59  87  65  62  80  57 264  93 108  95  47  57  59  60  46  11 215  95  95 100  35  68  55  69  32  14 185  81  97  81  57  35  53  70  13  25 127  88  93  86  47  28  52  64  29  23 114  70  78  85  52  36  37  64  33  22  83  60  80  72  57  22  41  57  33  17}
FLAG_2_DOWN                    BasicARTMoments{ 297 172 267 255  63  81 175  88  65 462 122 263  97  89 100  47 145  69 123 360 117 185  54  89  62  54  91  60  67 300 116 142  85  47  74  66  61  73  56 251 107 115  93  47  45  80  52  36  17 218 100  98  90  45  42  65  55  29   5 169 100  83  98  57  47  60  56  19  19 147  87  88  75  62  39  62  53  29  26 117  64  74  99  41  38  36  73  25  18  83  55  74  79  57  28  44  58  28  23}
FLAG_3                         BasicARTMoments{ 336 163 250 213  54  57  83  62  87 445  77 257  80  96  59  83  77  62  65 294 148 166  89 145  17  35  63  66  50 244 136 119  96  76  49  41  32  87  62 213 119  68 113  37  53  29  30  73  45 167 124  46 116  22  60  22  17  73  28 167 103  43  87  29  65  19  23  56  26 147  97  32  84  32  65  25  23  42  38 122  98  26  79  41  60  18  39  35  27 117  82  34  64  47  47  30  27  29  33}
FLAG_3_DOWN                    BasicARTMoments{ 277 183 226 205  49  54  80  67  97 457 114 248  56  97  43  79  74  72  78 311 172 148 119 128  42  30  54  81  62 260 154 107 109  43  52  35  24  98  63 205 145  68 124  16  62  28  32  77  49 182 126  50 114  34  59  16  23  64  30 147 123  48  93  53  56  13  31  59  31 128 104  44  98  49  47   9  27  54  36 108 101  26  89  55  26  19  42  38  35  94  82  37  73  52  36   8  40  31  37}
FLAG_4                         BasicARTMoments{ 321 185 196 145  31  36  92  50  13 524  63 294 109  45  23  18  84  53  46 296 127 148 110 149  35  33  66  53  60 262 117  66 147  83  48  51  42  31  69 211 117  66 116  10  18  47  23  36  63 151 131  40 106   7  28  44  26  51  53 123 120  28  98  28  25  51  35  49  54 110 106  37  85  49  20  45  29  28  54  99 101  31  68  59  29  36  25  38  39 102  86  29  64  44  39  36  13  35  41}
FLAG_4_DOWN                    BasicARTMoments{ 276 193 189 163  33  39  87  36  27 531  88 283  93  35  25  19  78  50  41 305 149 129 122 125  34  33  57  52  55 271 130  60 147  61  42  45  35  37  77 230 127  72 103  21  25  44  18  36  70 178 134  42  93  17  15  42  21  44  64 125 134  38 100  31  17  43  28  48  50 107 120  52  88  50  16  40  23  39  43 100 107  46  68  65  25  26  17  41  37 101  87  44  69  54  33  19   8  37  42}
FLAG_5                         BasicARTMoments{ 303 202 148 100  29  29  46  67  15 584  30 332 144  13  48  58  54  57  17 311 139 207  77 121  18  32  61  40  23 190 150  74 155  87   8  31  61  37   2 200 113  60 140  36  38  11  62  23   7 205  90  67  76  72  52  18  39  25  25 161 101  51  60  60  45  16  34  18  39 122 102  29  78  42  29  26  40  14  39  79 115  38  60  63  10  29  50   7  50  88  88  52  55  66   1  32  53  10  34}
FLAG_5_DOWN                    BasicARTMoments{ 261 195 124 108  34  35  36  70  18 596  51 314 116   3  50  62  43  57  24 322 163 192  88 107  18  39  54  44  29 204 166  54 157  75  10  38  53  40  18 209 127  59 133  48  34  22  54  28  22 219 102  67  66  82  51  23  35  17  37 177 110  52  50  69  49  15  32  12  45 134 112  32  69  45  36  19  30  20  36  94 117  43  45  70  16  22  39   5  47 103  86  64  42  75  17  23  41   8  40}
SMALL_FLAG                     BasicARTMoments{  88 144  20  77 137 170 127  28  29 798 106 246  58  76 108 167  92  30  95 605 196 261  43  48  80 122  78  35  89 440 226 234 110  64  87  94  72  14  50 303 210 203 166  69  73  98  80  10  19 186 182 185 183  55  82  82 106  12  37 165 118 136 183  74  77  99  97  18  39 128  82 112 149  82  94  97  87  37  33  89  62  87 120  84  99 102  60  38  32  33  67  90  77  71  76 107  44  53  38}
SMALL_FLAG_DOWN                BasicARTMoments{ 148 167  80  69 155 192 154  37  19 780  95 273 121  60 119 180 114   7  66 573 182 274  90  21  95 136  91  12  46 386 205 245 129  55  72  91 105  15  21 246 194 198 171  86  43  99 108  12  15 154 179 156 174  98  62  94 110  24  25 140 123 137 159 107  66  96  95  37  34 105 105 104 138 103 113  64  82  27  39  94  60  93 131  77 106  54  66  35  64  79  31  76 114  83  72  67  53  40  64}
SMALL_FLAG_SLASH               BasicARTMoments{ 132 158  80  87 103 128 107  17  40 625 113 199  32  53 147 146  80  35  85 466 222 228  99  14 121 132  88  52  76 492 165 215  54  70  21  84  63  11  31 255 175 133 172  63 118  24  71  27  14 128 175 171 204  43  78  75  85  46  47 165 130 140 107  90  36  79 117  25  30 154  80  90 126  71  62  86  49  34  16  31  94  61 121  70 135  69  37  59  45  31  66  90  43  71  56  79  89  42  34}
SMALL_FLAG_SLASH_DOWN          BasicARTMoments{ 199 174 126 105 101 126 142  15  45 591  66 200  24  33 171 132 131  48  34 473 153 253 114  34 154 153 116  88  79 358 186 201 111  72  56  66  27  71  25 246 148 134 114  90 111  56  98  28  26 109 151 118 199  97  27  63 131  22  66 129 135 106 136  75  46  69  69   3   6 151  74  74 104  79  83  65  80  27  40  76  61  54 145  80  79  52  54  57  76  65  53  79  69  90  49  44  77   5  44}
GRACE_NOTE_DOWN                BasicARTMoments{ 216 417 210  26 116 160 135 151  88 593  65 430 122 149  42 138 103 149  82 306 123 201 125 143  50 115  57 112  56 153 119  46 167  32 116  88  36  83  27  88 102  63 124  67 111  85  13  69  28  59  74  65  68  84  91  81  27  59  53  49  64  55  31  69  87  62  48  38  72  53  57  45  13  52  57  59  46  18  69  55  45  41  15  44  31  57  54  24  48  41  53  36  17  41  25  49  56  25  35}
GRACE_NOTE_SLASH               BasicARTMoments{ 154 472  49  51  25  36  86  85  48 626  51 424  68 134 100  83 103  94  39 405  41 266  89 101 126  74  50  93  57  86  25 102  54  45 154  72  42  80  71  79  27  28  23  11 121  63  19  91  84 172  48  84  59  42 103  41  19  68  54 142  52  84  72  38  98  28  53  40  17  71  35  50  49  29  68  20  52  36  24  57   8  13  18  24  64  20  23  21  32  74  31  26  32   6  66  30  18   7  31}
GRACE_NOTE_SLASH_DOWN          BasicARTMoments{ 145 506 129  11  32  42  68  77  61 571  85 442  28 147  85  70 109 114  48 260 120 214 142 156  66  39  76  38  36 126  71  48  67  47  70  33  24   8  16 101  56  76  43  77 108  55  22  59  25  86  61  63  60  72 144  62  43  77  37  76  53  15  42  33 115  63  35  68  47  63  43  25  36  12  50  52  10  35  42  46  31  43  17  25  12  35  43   6  43  18  27  34   4  28  24  28  58  17  62}
METRO_WHOLE                    BasicARTMoments{ 273 563 270 130  13  18  15  34  22 394 222  93 205 153   7   6  18  22  10  57  75  84  38  63  23  16  24  31  18  35  29  31  40  26  47  13  17  12  10  17  23  17  27  25  35  15   7  26  26  10  27  15  31  20  21  24  38  16  23  29  24  15  36  40   7  24  25  14  25  42  22  22  48  12  50  29  36   4  14   9  31  23  48  36  18  37  30  39  14  32  14  27  23  25 101   9  52  63  26}
METRO_HALF                     BasicARTMoments{ 495  20 287 254 270 359  46 244 170 391 127 230 266  83 203  38  82  81  88 136 147 129  89 163 208  91  38  54 102 122  99  65  63 132 143 138  66  82  85 154  79  99  11  45  78 125  92 100  60 182  67  43  48  59  73 105  72 107  72  89 113 114  31  58  80  85  73  90  59 125  59  94  86  47 120  56  68  66  48  25 147  70  56  93  84  79  59  53  48 113  24 134  98   7  96  62  72  65  63}
METRO_QUARTER                  BasicARTMoments{ 365 159 334 184 261 350 134 254 101 646 111 243 263  67  49 173  77 108 101 337 130 182 102  72 230  77  30  19  74 169 155 118  83  77 231 104  74  52  54 134 116  86  58  53 168 128  89  75  56 160 101  67  37  33 126 114  91  72  45 158 113  70  55  31 114 106  71  53  48 119 107  91  62  39 116  91  74  49  26 133  72  81  70  55  91 112  55  55  16  89  95  66  53  57  88  96  83  47  23}
METRO_SIXTEENTH                BasicARTMoments{  68 509   8  61  43  65  74 135  57 621  32 324 110  36 234  91 106 111  28 363  63 234  87  94 262  98 115 118  83 109  21  57  93  15 204  78  80  80  55 127  14  42  13  28  82  59  21  71  38 110  44  55  25  75  77  29  55  38  58 106  24  41  19  33  78  30  31  25  14  58  42  26   9   2  59  29  19  23  24  83  18  11  27   3  32  35  17  16  35  30  46  19  17  18  41  39  23  30  27}
METRO_DOTTED_HALF              BasicARTMoments{ 518   2 296 256 218 297  22 246 182 250 126 129 153 121 331  58 127 124  60 171  97 168 128  71 118 158  34 113 145 227  44  30  27  57 156  95 124  60  79 168 105  77 133  71 111  85   9 101  79 145  77 125  90  43 119  79  76  44  35  65 111  38 109  63 156  50  58  24  27  87  77 105  62  39  60 106  54  73  55 118  73  36  32  48  77  82  92  56  50  50 125  71  40  50  86  68  75  45  31}
METRO_DOTTED_QUARTER           BasicARTMoments{ 402 146 310 161 245 330  72 253  85 549 146 132 204 150 227 101 131  97  70 313 148 188 162  46 236  67  89  14 111 188  94  88  25  34 238 126 136 110  46 135  88  17  58  42 199  95 100  38  67 176 115  99  80  14 122  99  39  59  22 153  95  88  63  44 167  87  78  53  32 112  93  52  76  27 133 103  62  46  49 101  97  92  47  40 122  73  56  73  35 125  77  55  48  28  98  94  63  52  44}
METRO_DOTTED_EIGHTH            BasicARTMoments{ 185 495 150 104  77 108  81 111  32 551  71 285 110  90 335 108 189 140  71 316  21 244  20 191 304  67 156 101   7 163  24  60  52  97 160  55  91  73  78 217  19  68  18  59 130  63  58 107  33 103  46  33  16 110 164  40  71  39  29  91  70  60  61  81  75  38   3  15  43 126  62  82  43  25  57  38  15  38  35  96  37  28  17  21 113  36  47  29  24  45  48  21  17   8  83  40  27  25  26}
METRO_DOTTED_SIXTEENTH         BasicARTMoments{ 103 513  34  31  17  29  66 113  61 553  27 306  84  42 316 106 157 135  29 294  30 229  53 106 333  96 160 141  48 106  17  34  54  12 137  57  71  56  42 191  47  80  67  21  65  56  34  98  24  89  29  30  55  58 139  52  77  66  39  43  18  32  27  40  91  40  43  20  16 110  16  30  45  24  17  26  26  12  24 110  11   5  57  17  57  25   7  24   6  31  20  42  21  40  74  36  29  37   7}
ACCENT                         BasicARTMoments{  48 403 152 160  88 122  80 103  11 134 161  98 158  71 404 108 260  66  75 162  45  43  21   9 267 222  68 211  49  15  36  76  18  56  21  57  85  58  89 189  99  49 114  49  94  73  20  56  12 146 111  31  51 108  26  18  24  10  25  40  31  62   7  57  92  49  21  24  57  45  61   4  27  20  68  62  25  11  33  22  12  20  22  21  58  17   8  15   8  49  22  12  11   6  72  21  23   3  36}
TENUTO                         BasicARTMoments{  13  54  12  73   0   0   0   0   0 752 122 132  42  60   0   0   0   0   0 590 185 104  21  15   0   0   0   0   0 489 157   0 110  68   0   0   0   0   0 308 193  19  92  24   0   0   0   0   0 297  69 133 108  18   0   0   0   0   0 235   4 171  70  57   0   0   0   0   0 106  18 116  19  83   0   0   0   0   0 108  68 120  58  77   0   0   0   0   0 103 120  79 116  84   0   0   0   0   0}
STACCATISSIMO                  BasicARTMoments{ 203 288  90  85  44  52 124  47  40 537  77 284  45  73  91  42  38  57  10 236 125  89 101  15 133  71  37  34  35  92  86  52  80  34 130  75  25  56  33  24  90  27  28  61  78  81  23  39  48  90  13  51  33  30  64  75  34  10  54  45  37  38  19  40  68  64  35  27  38  97  26  49  31  32  51  26  38  41  25  20  46  51   8  50  50  64  31   6  41  48   9  32  72  37  66  68  23  43  70}
MARCATO                        BasicARTMoments{ 194 396 104  55  49  68  14  73  49 230  47 169  52  52 299 108 175 165  52 142  60 100  96  40  31  88  33  70  72  99  71  39  80  48  56  63  15  86  63  17  77  10  13 104  58  34  36  57  56  67  19  21  36  46  91  13  24  20  65  17  32  13  29  27  48  24   4  27  20  49  73  16  40  26  16  25  26   8  26  27  30  23  24  51  30  54  26  19  29  46  15  12  48  44  72  35   9  36  30}
MARCATO_BELOW                  BasicARTMoments{ 181 396  86  48  51  71  20  73  50 233  50 171  66  47 310 109 180 157  44 148  53 102  90  38  48  82  28  73  75  99  68  39  80  44  44  63  16  88  59  19  78   4  30  87  54  34  45  50  51  63  20  11  29  46  98   4  39  24  62  35  38  24  12  33  61  26   9  28  20  49  66  11  36  41  14  28  33  23  13  26  23  23  23  47  25  42  13  26  31  62  28   5  18  27  50  17  11  31  24}
ARPEGGIATO                     BasicARTMoments{  24  43  22  66   3   1  10   2   3 862  99 145  63 134   2   6   6   8   2 778 143 152  51 121   3   1   8   7   3 688 180 140  28 112   4   2   8   9   3 613 187  96  22  90   3   2   7   8   3 505 216  76  43  84   5   5   6  11   5 428 210  30  83  61   2   5   2   6   7 339 218  11  93  46   3   2   5   4   3 310 170  50 129  29   2   6   4   2   4 223 185  36  97  16   3   3   4   4   1}
DYNAMICS_P                     BasicARTMoments{ 137 440 102  14  38  48 147  22 129 254 138 121 163  32 248  69 114 156  46 154 100  55 102  26 157  46  54  91  64  82  70  16  50  25  78  32  10  27  51  55  44  49  20  11  72  23  11  10  40  29  28  35  13  33  32  28  21  13  16  31  20  38  11  38  15  27  27   4  10  25  15  28  14  23  17  21  19  10  13  18  21  23  10  30  17  14  29  10  18  23  10   8  24  18  20   6  19  17  16}
DYNAMICS_PP                    BasicARTMoments{  77 386  39  85  25  30   3  62 100 339 159 149 181  79  23  54 120  58 145 202  58  43  49 117 125  57  51  66 117 112  66  56  54  67  70  62  92  48 120 107  34  20  12  32  17  35  52  40  41  37  30  15   8  26  33  22  22  30  25  51  26  11  11  20  18  24  46  19  17  26  20  15  13   3  14  20  31  29  11  37  29   7   9  18  19  14  15  30   4  20  24  15  13   8  15  12  29  25   9}
DYNAMICS_PPP                   BasicARTMoments{  68 277  39 138  20  24  32  30  74 511 165 213 114  93  60  32  51  52  16 190 155  86 155  87 101  46  79   7  20  97  89  28  36  66  24  67  46  33  34 100  45  23  33  11  74  59  88  17  41  62  47  13  32  17  59  35  85  59  31  68  50  16  23   5  22   3  52  74  23  62  30  16   8   8  12  18  18  49  46   9  23  43   9  30  28  20  18  18  30   8  22  27  12  26  11  10  28  19  18}
DYNAMICS_MP                    BasicARTMoments{ 108 370  59 153  22  31  57  38  46 433 122 177 149 114 160  41  99  43  81 173 138  60 170  51  59  58  32  43  76  63  47  51  51 115  13  32  61  23  99  68   8  53  23  49  26  14  40  31  38  73  24  18  26  20  32  22   8  41  37  22  27  24  12  42  52  18  14  33  46  10  22  32  14  30  43  13   6  11  21   9   7  22  28  23  18  17  18  19   9  11   8  15  16   8   6  21  24  28  22}
DYNAMICS_F                     BasicARTMoments{  70 108  22 211  42  53  75  29  20 684 164 194  81 162  64  19  46  44  33 413 183 184  77 148  73  42  28  15  51 186 152 176  66 163  98  27  23  39  24  26  82 148  50 131  67  31  19  15  25  38  38 115  63  63  43  22  11  27  19  86  41  63  90  35  24  17  18  13  10  71  62  30  92  69  42   5  17  15  10  81  46  18  72  59  21  17   2  25  22  64  39  20  53  39  27  12   5  15  38}
DYNAMICS_FF                    BasicARTMoments{  91 416 230  38  28  37  19  29  17 274 200 177 157 190  47  23  53  30  21 235  97   7 124  84  23  14  13  36  21 209 106  31   7  28  27  21  18   3  18 115  99  41  64  44  37  23   8   7   8 129  60  29  61  22  36  22  26   8  22 107  39  67  46  34  17  17  30   4  23  70  27 100  34  37  23   4   6  15   7  32   8  69  43  23  11   6  13   9   5  44  17  19  32  27  17   7  19   3  15}
DYNAMICS_FFF                   BasicARTMoments{  90 458 143 244  20  27   5  30  27 215 159  58 107  86  55  14  38  14  11 135 175  12 144  55  36  27  17  25  17 120 101  64  60  62  22  28  16  21  12 110  95  75  33  74  11  20  25  18  22 131  61  23  43  60  14  19  13   7   4  64  53  67  12  30  22  19  12  14  15  44  53  37  42  65  15  14  16  15   3  60  50  12  21  70   9   6  23  21   3  48  20   0  40  45   8   5  18  17  10}
DYNAMICS_MF                    BasicARTMoments{ 156 399 147  34  57  73  92 132  57 286 107 145  84  57 276 123 191 109  92 134  60  90  55  69 205  84  55  79  49 122  52  45  48  51  98  57  43  32  48 101  49  35  34  44  89  46  20  55  37  30  30  48  35   6  90  50  27  17  25  26  20  49  64  19  48  29  55  16  39  38  11   9  44  44  32  16  58  30  47  25  20  18  33  20   9  15  30  17  19  19  10  33  20   1  17  21  17  15  16}
DYNAMICS_FP                    BasicARTMoments{ 145 503 186  34  53  64  68  80  35 127 126  27 112  81 115 115  87 165  88 183  47 105  56  75 169  79  62 143  56 157  39  63  18  39 111  72  44  43  34  95  46  35  24  55  36  58  36  54  46  98  30  47  25  32  72  42  26  34   7  27  22  21  45  19  51  28  29  16  12  27  11  22  17  42  42  14  50  22  31  22   7  13  18  23  19   4  28  15  18  22   5   9  17  21   8  10   8  15  10}
DYNAMICS_SF                    BasicARTMoments{ 149 389 141  95  30  35 179  41 111 341 142 180 116  19 276  24  91  97  12 169  79  61  93  73 171 103  65  63  20  93  33  17  77  18  91  81  70  92  73  62  18  50  96   3  20  66  62  67  45  50  13  89  56  25  29  33  37  19  25  35   7  64  54  24  15  26  38  11  20  45  21  27  30  18  17  13  41  17  41  55  27  19  28  29  16  18  39   7  35  51  26  28  41  38  17  11  23  10  32}
DYNAMICS_SFZ                   BasicARTMoments{  63 468 137  23  33  46   8  48   6 297 125 193 173 102  94  15  55  27  41 179  28 140  32  67  15  23  26  51  26  51  42  41 107  56  55  19  47  40  32 126  41  92  46  77  28  22  31  40  20  93  56  10  77 121  67  17  51  38  35  58  44   9  54  88  38   7  34  21  34  65  28  51  37  45  31   3  31  16  26  38  14  23  23  38  19  16  12  19  22  35   7  33  19  25  23  12   8  17  16}
TR                             BasicARTMoments{ 229 490 235  37  56  72  52  21 105 178  62  72  95 110 120  53  49  62  62 148  47  96  82  28 208  84 156 126  65  40  18  36  32  81  40  60  23 103  83  81  44  58  49  23 106  20  53  24  38  72  32  44  57  21  81  28  71  35  54  30   8  34  19  43  35  11  25  18  23  27  15  19  27   7  27   2  21   9  29  35   1  26  12   5  19   8  17  15   9  22  16  13  33   9   5  10   4  12  26}
TURN                           BasicARTMoments{ 162 132 106 108   9  10  26  18  19 458 285  63 129  91  16   6  16  23  33 133 112 257  61  89  15  14   9  14  25 258  60 210 178  68  30  22  14   9   5 156  61  35  91 100  22  22  11   2   4  24  30  37  15  40  21   6  11  12  13  12  30  53  10  21   8   8  16   9   5  39   9  19   3  12   5   3  10  10   3  53   4  44  17  44  15   5   4   3   6  50  16  34  21  10  20  11  13   2   5}
TURN_INVERTED                  BasicARTMoments{ 139 165 143 133   9  12   5   5   4 454 275  69 152 111   8   6   5   6   5 126  96 259  25 105   4   8   4   6  10 288  41 210 180  55  13  13  11   2   3 150  72  52  88  99  10  16   7   6   6  53  12  53  14  48  25   3  16   6   6  44   9  34  24  19  15  22  11   9  10  12  35  48   4  13  13   7   8   9   3  51  10  46  16  31  18  11   6   5   4  13  28  55  16  19  20  10   8   4   9}
TURN_UP                        BasicARTMoments{ 169 125  99 109   7   8  13  12  19 449 280  60 122  86   6  10   0  13  22 149  85 255  66  74  21   2  19   2  18 286  78 189 178  72   7   5  13  15   7 166  80  22  74 101  14  10   3  16  10  40  23  53  19  30  13  25  12  12  10  12  13  47  21  26  26  24  17   7  10  21  14  28   7  18   8   4   6   4   3  48   7  46  18  38  20   7   8   7   6  38  13  45  21  14  13  10  20   9   6}
TURN_SLASH                     BasicARTMoments{ 115 421  90  23   6   8  10   2  10 199 159  91 219  87  30   8  15  13   7  79  79  34 127 128  20  18  10  26  10 337  39 290  42 174  51   4  28   4   6   9  21   2  65  16  19  19  16  18  28 105  18  68  37   5  46   5  18   7  14  54  27  84  17  29  19   9  16   0  25  34   5  21  19  27  21   3   2  12   6  54  21  54  25  36   5   6  11   3  14  22   7  20  27  10  10  10   5  17   5}
MORDENT                        BasicARTMoments{ 171 300 171  30  14  19  66  42  36 645  60 289 120 138  32  50  53  32   4 249 141 161 120  85  21  42  23   7  18  97 135 134 104  99  48  15  27  29  24 113  75  62  89  77  25  22  36  19  22 110  60  82  62  41  21  35  32  12  24  53  58  72  61  41  37  23  13  19  14  40  34  62  44  63  33  19  26  21   1  48  28  25  46  45  25  25  22   7  13  49  14  51  34  22  38  26   6  20  18}
MORDENT_INVERTED               BasicARTMoments{ 285 302 240 106  24  32  53  25  48 441  58 244  45 142  63  52  35  38   6 303  64 175  41 111  21  38  13  35   8  24 137  86 173  71  70  18  14  29  48 143  47  68  25  83  32  37  41  32  27 104  45  35  73  56  39  17  10  25  11  57  53  86  45  50  30  24  30  28  13  38  32  27  47  57  37  19  27  16  16  26  32  19  28  54  19  24  12  12  20  37  22  27  15  17  23  20   8  19  11}
TUPLET_THREE                   BasicARTMoments{  71 337 187 126  68  92  66  90  11 307 236 140 228 112  34  86  65  47  37 175  61 169  31 151  68  23  94  58  35 160  25  92  24  15  87  30  70  61  23  39  23  38  39  11  47  20  31   4  23  32  38  16  49  32  23  11   5  15  24  23  26  23  22  23  23  21  15  27   8  32  25  21  14  24  22   2   6   9  14  12  20  19  14   3  45  12  14  12   9  16  15  10  16   3  20  22  34   5  24}
TUPLET_SIX                     BasicARTMoments{  89 430 121  55  29  39  75  36  48  94 223 103 244 168  69  29  63  13  56 120  66 116  15  78  34  15  21  33  17  98  46  65  63  34  46  19  17  29  20  65  36  30  40  41  18  19  12  30  16  33  23   9  17  21  15   7   5  12  19  10  19   4  13   8   3  10   8   7  16  29  22  13  17   4  22   9  14  12  10  15   7  13  13   6  23   9   9  16  10  42  19  24  18  15  17  13  16  12   8}
PEDAL_MARK                     BasicARTMoments{ 118 439  89  60  21  28  44  50  78 311 130 145 154  70 109  34  66  25   7  88  97  55  30 145  37  22  63  29  23 154  47  34  23  86  88  28  83  61  43  90  55  19  82  38 140  35  87  51  41  60  23  83  25  46  60  47  14  29  23  31  18  27  45  37  25  26  61  12  43  61  18  14  38   9  19  29  36  27  37  20   9  54  32  27  66  32  25  30   9  28  16  39  25  24  51  19  34  25   9}
PEDAL_UP_MARK                  BasicARTMoments{  40 549 177  62   2   2   4   1   4  13   4  10   7   1   1   9   4  11   0  10   3   8   7   2   3   2   1   6  13  14   5   9   5   3  10   1   1   9   3 347  29 226  46  12   0   2   0   3   4   1   2   2   1   7  17   0   6   2  11  11   4  15   7   6  12   1  13   8   4   8   4   4   7   3   5   3   3   1   8  92  30 101  44  58   5   0   3   9   0   0   2   0   4   1   6   2   0   8   3}
DIGIT_0                        BasicARTMoments{ 216 575 200  81   2   3   3   6   4  39 230 180 260 273  15   8   8  10  10  98  20 199 105 164  17  14   5  13  15  65  31  59 118  39  12  13   8   9  13  43  35   4  68  73  11  10   7   4   8  11  25  24  26  58  10   8   6   4   6   8  13  16   1  26   8   8   5   2   6  14   4   3  10   4   6   7   4   4   4   7   6   3  14   5   5   4   0   4   2   5   6   4   2   3   6   1   4   2   3}
DIGIT_1                        BasicARTMoments{  64  35  44 161  16  20  15  15   8 798 187 139  11 167  11  26  37  25  23 592 197 148  47  84  21  32  50  30  42 368 169 142  79  45  38  38  54  36  42 211  88  84 116  28  53  48  43  41  28  62  63  62  80  15  63  51  33  32  14  38  20  24  75   7  58  49  23  17  20  43  40  26   7  26  44  38  22  13  30  29  24  80   9   8  21  18  36  22  21  56  28  35  57  21  11   4  33  31  12}
DIGIT_2                        BasicARTMoments{ 276 235 382 347  84 108  38  56  22 562 280 202 322 230  89 108 129  41  89 107  45 131  96 111  62  79  70 100  74 184  90  84  98  30 103  65  25  49  61  89  47  21  34  60  66  34  32   4  22  60  26  54  30  14  68  46  34  20  15  51  32  39  14  12  46  28  20   5   7  54  33  24  22   4  30  24  20  18   9  21  24  28  11  15  15  23  36   5  10  35  20  18  14  12  16  25  11  15   8}
DIGIT_3                        BasicARTMoments{  98  93 161 255 108 142 153 135  78 437 287 138 217 127 164 197 271  47 149 131  69  24 187 121  86  78 165  72 105 182  17  44  76  51  80  65  51  67  38  94  43  50  29  36  41  77  47  50  30  27  24  23  14  17  41  30  34  21  16  45   5  20  34   9  30  27  13   8   8  42  28   6  10  25  13  28  24  18  13  27  29   5  31  20  16  23  23  14  20  42   3  13  21  18   6  14  12   9  10}
DIGIT_4                        BasicARTMoments{ 182 482 168  17  59  76  94  47  88 262  57 124  75  68 302  49 207  64 115  69 103  72 167  83 212  65  98 102  48  79  49  55  74  20 153  55  61  73  52  62  14  56  19  56 119  50  48  73  54  89  13  46  30  23  44  22   7  15  54  30  24  11  19  38  19   9   3  23  10  37   9   8   8  31   6   2  24  16  10  20   9  13  19  16  27  13  21  13  24  15  16   8  19  23   8   2  17   3   7}
DIGIT_5                        BasicARTMoments{  83 200  29 270 137 177  59  39 100 381 289 286 235 259 149  24  49  94  46  99 135 146 156 208  45  64  37  57   5 105  65  15  43  56  35  21  17  18  27  73  72  26  22  42  39  17  29   7  25  42  51  54   7  59  29  33  26  26  42  60  30  11   4  26  20  33   8   4  29  17  25  21   4   7  37   3  16  21   4  38  33   7  12  22  42   3  17  12  19  17  16  20   6  13   7  28  10   4  18}
ROMAN_I                        BasicARTMoments{  74   4  40  92   9   5  15  33  46 766 211 109  62  84  10  14  24  32  39 537 214 109  36  26  29  29  33  29  27 310 162  95 107  29  44  43  32  23  15 148  65  52 150  38  48  42  28   8  12  10  17  40 110  69  36  30  17   8  25  33  40  10  74  45  18   9   9  21  31  71  30  17   2  32  10  10  23  22  29  23  66  68  14  27  21  17  20  17  21  49  20  32  62  28  19  21  10  10  11}
ROMAN_II                       BasicARTMoments{ 225 495 124  29   6   5  22  22   9  34 184 140 271 180   8  11  20  14  11 364 183 138 155  64   9   6   3   8   3 197 174  34 162 164  33  30  23   6  14  73  28  25  22  91  14  16  14   4  20 129  97  20  35  29  32  25  11   3   5   4   6   4  30  38  37  28  11  10  18  77  58  24   5   4   9   9  14  20  18  29  17   8  21  17  25  25  17   6   4  29  30  31  25   3   3   7  10   9  14}
ROMAN_III                      BasicARTMoments{ 201 319 394 101  10  14  17   6  30  78 219  58 285  21  21   7   7  13  18  28 202 214 123 226   8   9  27  24  14 266 110  48  24  83  16   4  19  10  18 100  38   9  36  22  30  20   8  10  10 103  98  79  11  68   5  12  19   6   9   9   4   8   1  28  10  18  21   7  14  44  70  64  14  20  24  21  16  17   6  45  39   5  39   8  10   6  11   9  10  46  22  12  23   2  36  26  13   8  10}
ROMAN_IV                       BasicARTMoments{  47 551  45 149  78 109 154 112 214 273  70 218 141 200 166 133 178 216  97 135 139  73 180  39 180  68 109 150  23 197  46  85  23  57  52  29  81  23 124  71  26  76  23  19 106  95  21 117  67  57  28   4  28  24  48  27  56  28  63   4  18  42  17  31  76  58  16  46  46  10   4  17  42  35  58  35  35  14  34  13  17  30  13  19  51  31  23  15   7  34  25  12  38  22  42  32  17  11  29}
ROMAN_V                        BasicARTMoments{ 205 478 188  86 118 162  55 159  72 135  76 188 124 132 457  51 320  64  89 132  92 126 120 145 212  82 158 155  50 149  57  92  97  25 114  43 102  60  89 188  68  94 113  59  34  53  15  90  28  50  16  51  23  24 114  49  34  75  73  68  43  28  61  52  41   6  24  21  36  51  30   6  41  44  65  40  31  45  49  28  24   2  35  47  24  19   3  16  23  43  32  12  34  33  24  30  10  41  37}
ROMAN_VI                       BasicARTMoments{  70 568 207 205  63  87  70 110  56 314 158 271 226 228  88 145  77 182  78 173 146  59 174 148 239  60 116 135  34 182  92  45  96 133  45  62  95  72  98  75  55  24  44  60 157  85  52  76  73  52  69  53  61  73  28  30  52  17  65  64  33  12  38  10  85  55  15  37  58  17  26  33  28  33  43  48  42  16  52  49  30  13   7   7  50  28  19   9  34  31   3  27  29   7  46  49  24  12  34}
ROMAN_VII                      BasicARTMoments{  27 462 104 127  68  86  46  68  81 428 139 176 301 124 168  31 127 105 149  29  99 150 128 177  31  81  98 112 164  49 127  77 147  98  80  62   7 120  82 148  76  45  35  35  43  38  63  40  13  51  19  36  59  15  59  57  37  20  81  89  38  43  11  10  72  49  19  39  60  47  38  19   5   6  28  22  23  33   7  10  15  41  25   2  52  46  21  15  29  14  15  17  25  29  46  39  22  17  32}
ROMAN_VIII                     BasicARTMoments{  23 317  68 209  31  46 114  71  87 382 259 221 258  67  24 104  57 102  88 216  57  63 150 191 183  38  92  83  74  82  51 104  83  73   9  70  79  84  83  37  99  75  59 102  31  39  32  48 124  66  72  51  48  60  46  25  26  39  33  47  36  37  46  23  39  37  37  27  31  19  31  32  51  60  38  48  24  28  38  82  23  22  34  18  36  29  21   8  37  44  34   9  10  25  20  21  23   8  10}
ROMAN_IX                       BasicARTMoments{ 130 457 115  84  88 133  27 261  46 207 117  70 179  64  81  45  46  87  54 130 171 158 177 223  87  42  51  54 103 315 156  79 107  50  72   9  44  13  60  25  29  63  33  88   9  40  38  38  39 151 135  44  78  95  63  46  14  26  14  85  55   8  22   7  47  16  20  15  30  42  55  48  18  75  25  37  39  19  35  76  75  43  10  28  47  36   9  13  13  30  15  11   8  37  20  16  17  15   9}
ROMAN_X                        BasicARTMoments{   0 188  97 175  23  30   8  20  12 294  39 145  56  67 189  17  52  30  51 529 130 164  29  73  20  19  31  26  17 375 102 181 122  65 195  38  80  12  18 140  71  45  28  31  97  26  56  54  12 192  81  74  83  49 133  54  33  27  12  47  61  50  57  16  73  28  44  61  31  87  46  13  41  39 105  54  50   7  27  58  14  54  16  34  45  26  32  53  30  55  17   8  13  33  88  45  30  26  16}
ROMAN_XI                       BasicARTMoments{  75 464  84  47  84 125  80 230 131 180  87  96 136  36  83  27  73  49   7  98 188  95 229 196  91  51  56  24 119 323 135 118  93  29  94  16  68  41  56  47  37  45  37  96  29  47  21  40  27 151 130  33  91 100  59  54  14  47  21  70  46  31  27  27  35  25  42   8  51  64  54  30  23  68  56  42  15  11  29  86  64  30  20  29  47  31  21  16  20  27  12   7  14  21  18  29  24   9  20}
ROMAN_XII                      BasicARTMoments{  61 449  52 151  22  27  56 136 190 383 135 100 203 152  38  32  65 111  99  85  28  43 129  71  18  44  53  47  36  81 155 145 125 226  85  35  35  18  59 169 136  27  90  98  74  38  31  40   8  96  21  66  37  38  24  17  43  42  15  82  71  49  16  65  32  34  38  13  21 115  84  44   8  56  34  40  34  13  39  21  36  37  14  38  36  21  10  18  27  44  33  16  17  20  14  24  31  17  13}
PLUCK_P                        BasicARTMoments{  13 556  90  92  38  52 182 161 218 218 173  84 175  23 263  70 117  43  76 131  82  79  41  54 172  98  52  86  73 160  72  70  54  52  56  53  23  33  50 100  55  22  46  41  77  42  31  28  39  34  24   7  15  20  57  26  17  25  27  32  23   2  13   9  27  15  13  14  13  18  14  20  15   0  25  21  17  19   1  19  16  17  15   6  11  11  24  21   8  15  18  15   2   6   9  14  16  16  13}
PLUCK_I                        BasicARTMoments{ 206  54 112 119  52  46 235 220  30 713  17 169 164 114  62  74 239 157  33 448 110 117  68   8  46 103 218  84  41 242 144  43  16  73  45 111 164  49  48 151 106  30  31  97 101 102  94  38  50  76  87  48  37  51 128  84  46  22  36  53  44  87  19  24 112  68  24  12  12  13  52  69  28  23  82  47  10   3  17  43  10  81   9  17  48  26  15   7  34  12  31  21  17  38  21   9  18   7  33}
PLUCK_M                        BasicARTMoments{ 153 337 329  88  22  27  45  18  37 126 259  26 343  82  12  27  55  31  40  21 113  89  97  56  57  20  50  18  57 151 132  63  34 137  57  21   8  34   3  65  30  17  20  24  34  21  14  12  34  82  56  43  10  56  29  26  16  17  10  57  60  46  18   6  20  29  40   8  10   8  19  15  14  24  24   9   7  24  13  36  44  25  22  11  14  10  14  16   6  27  33  20  27  16  25  24  19  17  10}
PLUCK_A                        BasicARTMoments{  79 513 155  79  30  46  94 104 133  98 125  77 200  91 128  74  77  98  95 207  96 121 141  31  43  13  64  51  77 146  60  70  87  45  43  24  16  11  48  27  18  20  28  11  10  11  21   5  15  16   6  13   4   3  16   5  19   3  17   9   1  13  12  18   5  13  12  19  17  25   8   9  13   5  14   3   9  15  10  23   7  13   9   7   4   9  15   7  15  18   7   2   6   9   7   8  10  13   5}
PLAYING_OPEN                   BasicARTMoments{ 436 557 820 202   6   9  22   3  35  26  15  14  16  25  22  14   6  14  18  43  22  15  27  15  14  11   3   9  15  24  18   3  19  29  12  11   4  12  19  44  15  26  22   8  26   9  17  14  10  23  12  11  13  15  20  15   1  16  21  23   8  18  12  14  40  21  11  25  18  12   4   8   6   2  27   7  35   8  43  25  17  10  18  24  20   4  24   5  26   7  15  17  11  39  10   5   8   7   9}
PLAYING_HALF_OPEN              BasicARTMoments{  30 652 165 430  11  15   5  20   7 222  31  26   9 124  28  15  13  17   6 195  12  65   4  90   9   4   2  10  11 147  24  37  28  64   3   7   3  14   2  96  47  31  44  50  18   6  17  25   6  84  36   4  66  34  13  13   6   5   9  60  32  13  63  28  28   2  14  28   9  54  31  12  67  24   9   2  10  23  12  70  24  12  54  21  14  21  21  17  11  45   6  17  32  27   7  23  24   9  19}
PLAYING_CLOSED                 BasicARTMoments{ 278 321  10  50  19  26   4  19   7 130  28  72  15  18  89  34  11   0   3 645  25 412  21  12  69  49  11   0  59  20  35  18  47  52  45   7  37  11  30 304 120 312  77  44   5   5  33  12  26  41  15  76  39  36  65  46  38  45   5 137  93 109 171  71  24  56  46   8  13   6  72 107  17  85   7  11  21  22  64  18  98  21 129  10  60 106  84  19  44   4  45  14 129 121  68  88  49  71 107}
TREMOLO_1                      BasicARTMoments{  61 220  72 112   3   2   3   7   6 460 241  80 108  28   7   2   2   4   2 121 137  69  47  82   5   7   2   4   5  34  38  54  55  20   6   2   0   7   1  94  64  20  39  30   7   1   2   5   8  55  51  38  27  14  19   9   5  10   5  60  66  33  52  37   5   7   3   9   1  17  21   5  30  43   8   3   5  16   2  27  10  20  43  60   7   4   3   5   5   9   5  17  34  31  15   2   8   5   9}
TREMOLO_2                      BasicARTMoments{ 147 459 143  29   4   5   2   3   2 165  97  93  15  25   1   2   4   5   1 280 123  36  38  84   7   3   1   2   0  95  39  52  46  47   3   3   3   3   1  49  49  84  41  22   2   2   3   3   0  24  14  48  57  30   4   2   1   2   1  36  35  23   9  31   1   1   2   3   1  33  15  11   6  21   3   1   2   3   1  15  13  15  14  15   4   2   1   2   2  19  18   5  10  25   3   3   3   2   2}
TREMOLO_3                      BasicARTMoments{ 102 308 146  88   4   4   3   5   1 290 232  86 257  55   1   2   3   2   3  24  70 113  26  44   7   4   3   2   2 148 110  27  49  52   3   5   1   6   5  65  53  53  18   5   8   4   3   2   3  75  35  14  32  65  10  12   5   4   3  32  50  23  35  15   7   1   5   4   5  20  12  19  36  34   5   2   5   5   5  19  10  24  29  25   6   7   3   5   2  15  13  22  25  10   7   3   0   5   9}
CLUTTER                        BasicARTMoments{ 165 354 248   6 148 198 350 123 316 307 168 144  97 107 397  66  65 194 170 162 135 145 109 119 291 116 109  59  61 240  85  81  59 121 194  99   6  57  75 170 108  12  45  34 190  75  27  29  58 162  78  17   5  49 149  72  22   9  20 125  63  27  14  38 127  56  23  15  23 114  42  21  20  34  86  44  30  16  22  71  33  10  16  12  80  25  28  17  27  53  18  17   8  17  40  10  13   4  22}

                      TIME_SIX =>                      TIME_NINE 0.414                      TUPLET_SIX 1.500                         PLUCK_A 1.604                      TIME_THREE 1.625                       TIME_FIVE 1.631 
                     TIME_NINE =>                       TIME_SIX 0.414                      TUPLET_SIX 1.477                         PLUCK_A 1.611                      TIME_THREE 1.619                       TIME_FIVE 1.668 
                       FERMATA =>                  FERMATA_BELOW 0.637                    F_CLEF_SMALL 3.310                     DYNAMICS_FP 3.411                       TIME_FOUR 3.466                      F_CLEF_8VA 3.492 
                 FERMATA_BELOW =>                        FERMATA 0.637                    F_CLEF_SMALL 3.258                     DYNAMICS_FP 3.304                       TIME_FOUR 3.344                        TIME_TWO 3.402 
                       MARCATO =>                  MARCATO_BELOW 0.660                     DYNAMICS_MF 2.391                       TIME_FOUR 2.654                      DYNAMICS_P 2.667                         DIGIT_4 2.750 
                 MARCATO_BELOW =>                        MARCATO 0.660                     DYNAMICS_MF 2.332                       TIME_FOUR 2.522                      DYNAMICS_P 2.581                      TIME_SEVEN 2.667 
                        FLAG_2 =>                    FLAG_2_DOWN 0.733                          FLAG_3 2.588                     FLAG_3_DOWN 2.695                          FLAG_4 3.131                     FLAG_4_DOWN 3.178 
                   FLAG_2_DOWN =>                         FLAG_2 0.733                          FLAG_3 2.595                     FLAG_3_DOWN 2.702                          FLAG_4 3.158                     FLAG_4_DOWN 3.167 
                          TURN =>                        TURN_UP 0.771                   TURN_INVERTED 1.041                       TREMOLO_1 2.360                       TREMOLO_3 2.743                      BREVE_REST 2.893 
                       TURN_UP =>                           TURN 0.771                   TURN_INVERTED 1.013                       TREMOLO_1 2.336                       TREMOLO_3 2.667                      BREVE_REST 2.830 
                        FLAG_4 =>                    FLAG_4_DOWN 0.814                          FLAG_3 1.890                     FLAG_3_DOWN 1.985                          FLAG_5 2.280                     FLAG_5_DOWN 2.327 
                   FLAG_4_DOWN =>                         FLAG_4 0.814                     FLAG_3_DOWN 1.841                          FLAG_3 2.056                     FLAG_5_DOWN 2.255                          FLAG_5 2.390 
                        FLAG_5 =>                    FLAG_5_DOWN 0.882                          FLAG_4 2.280                     FLAG_4_DOWN 2.390                          FLAG_3 2.690                     FLAG_3_DOWN 2.715 
                   FLAG_5_DOWN =>                         FLAG_5 0.882                     FLAG_4_DOWN 2.255                          FLAG_4 2.327                     FLAG_3_DOWN 2.601                          FLAG_3 2.676 
                        G_CLEF =>                   G_CLEF_SMALL 0.924                      G_CLEF_8VB 2.181                      G_CLEF_8VA 2.571                   STACCATISSIMO 3.786                      PEDAL_MARK 3.823 
                  G_CLEF_SMALL =>                         G_CLEF 0.924                      G_CLEF_8VB 1.868                      G_CLEF_8VA 2.415                   STACCATISSIMO 3.407                TIME_THREE_EIGHT 3.426 
                 TURN_INVERTED =>                        TURN_UP 1.013                            TURN 1.041                       TREMOLO_1 2.239                       TREMOLO_3 2.465                         CAESURA 2.819 
                   HW_REST_set =>                     BREVE_REST 1.073                       TREMOLO_3 1.770                       TREMOLO_1 1.775                       TREMOLO_2 2.178                 PERCUSSION_CLEF 2.204 
                    BREVE_REST =>                    HW_REST_set 1.073                       TREMOLO_1 1.633                       TREMOLO_3 1.825                       TREMOLO_2 2.033                 PERCUSSION_CLEF 2.175 
                        FLAG_3 =>                    FLAG_3_DOWN 1.119                          FLAG_4 1.890                     FLAG_4_DOWN 2.056                          FLAG_2 2.588                     FLAG_2_DOWN 2.595 
                   FLAG_3_DOWN =>                         FLAG_3 1.119                     FLAG_4_DOWN 1.841                          FLAG_4 1.985                     FLAG_5_DOWN 2.601                          FLAG_2 2.695 
               TIME_THREE_FOUR =>                  TIME_SIX_FOUR 1.203                  TIME_FIVE_FOUR 1.840                   TIME_TWO_FOUR 1.905                  TIME_FOUR_FOUR 2.030                    DYNAMICS_PPP 2.362 
                 TIME_SIX_FOUR =>                TIME_THREE_FOUR 1.203                  TIME_FIVE_FOUR 1.741                   TIME_TWO_FOUR 2.017                  TIME_FOUR_FOUR 2.081                TIME_THREE_EIGHT 2.366 
              TIME_THREE_EIGHT =>                 TIME_SIX_EIGHT 1.275                    TIME_TWO_TWO 1.950                        TIME_ONE 2.366                   TIME_SIX_FOUR 2.366                 TIME_THREE_FOUR 2.444 
                TIME_SIX_EIGHT =>               TIME_THREE_EIGHT 1.275                    TIME_TWO_TWO 2.160                   TIME_SIX_FOUR 2.374                  TIME_FOUR_FOUR 2.573                        TIME_ONE 2.587 
               PERCUSSION_CLEF =>                      TREMOLO_2 1.342                       TREMOLO_3 1.960                       TIME_ZERO 2.077                      BREVE_REST 2.175                     HW_REST_set 2.204 
                     TREMOLO_2 =>                PERCUSSION_CLEF 1.342                       TIME_ZERO 1.822                       TREMOLO_3 1.991                      BREVE_REST 2.033                       TREMOLO_1 2.132 
                        FLAG_1 =>                SMALL_FLAG_DOWN 1.382                      SMALL_FLAG 1.509                     FLAG_1_DOWN 1.739                SMALL_FLAG_SLASH 2.896           SMALL_FLAG_SLASH_DOWN 3.315 
               SMALL_FLAG_DOWN =>                         FLAG_1 1.382                     FLAG_1_DOWN 1.404                      SMALL_FLAG 1.891                SMALL_FLAG_SLASH 2.972           SMALL_FLAG_SLASH_DOWN 3.023 
                   FLAG_1_DOWN =>                SMALL_FLAG_DOWN 1.404                          FLAG_1 1.739                      SMALL_FLAG 1.962                SMALL_FLAG_SLASH 3.095           SMALL_FLAG_SLASH_DOWN 3.118 
                    TUPLET_SIX =>                      TIME_NINE 1.477                        TIME_SIX 1.500                          OTTAVA 1.578                       TIME_FIVE 1.721                      TIME_THREE 1.919 
                   TIME_TWELVE =>                   TIME_SIXTEEN 1.503                         PLUCK_A 1.960                      DYNAMICS_P 2.048                       TIME_FOUR 2.069                       TIME_NINE 2.150 
                  TIME_SIXTEEN =>                    TIME_TWELVE 1.503                       TIME_FOUR 2.007                        TIME_TWO 2.142                       TIME_FIVE 2.169                      TUPLET_SIX 2.228 
                    SMALL_FLAG =>                         FLAG_1 1.509                 SMALL_FLAG_DOWN 1.891                     FLAG_1_DOWN 1.962                SMALL_FLAG_SLASH 2.582           SMALL_FLAG_SLASH_DOWN 3.494 
                    TIME_EIGHT =>                         OTTAVA 1.576                      TIME_THREE 1.802                        TIME_SIX 1.824                       TIME_NINE 1.856                      TUPLET_SIX 2.005 
                        OTTAVA =>                     TIME_EIGHT 1.576                      TUPLET_SIX 1.578                      TIME_THREE 1.796                        TIME_SIX 2.030                       TIME_NINE 2.050 
                       PLUCK_A =>                       TIME_SIX 1.604                       TIME_NINE 1.611                      TUPLET_SIX 1.923                     TIME_TWELVE 1.960                     COMMON_TIME 2.056 
                        F_CLEF =>                   F_CLEF_SMALL 1.611                      F_CLEF_8VA 2.777                     DYNAMICS_FP 2.951                      F_CLEF_8VB 3.026                     DYNAMICS_MF 3.179 
                  F_CLEF_SMALL =>                         F_CLEF 1.611                      F_CLEF_8VB 2.691                     DYNAMICS_FP 2.721                              TR 2.855                     DYNAMICS_MF 2.863 
                    TIME_THREE =>                      TIME_NINE 1.619                        TIME_SIX 1.625                       TIME_FIVE 1.786                          OTTAVA 1.796                      TIME_EIGHT 1.802 
                     TIME_FIVE =>                       TIME_SIX 1.631                       TIME_NINE 1.668                      TUPLET_SIX 1.721                      TIME_THREE 1.786                        TIME_TWO 2.003 
                     TREMOLO_1 =>                     BREVE_REST 1.633                       TREMOLO_3 1.727                     HW_REST_set 1.775                       TREMOLO_2 2.132                   TURN_INVERTED 2.239 
                      ROMAN_IX =>                       ROMAN_XI 1.644                        CUT_TIME 3.222                    DYNAMICS_FFF 3.240                    DYNAMICS_SFZ 3.357                     TIME_TWELVE 3.426 
                      ROMAN_XI =>                       ROMAN_IX 1.644                        CUT_TIME 3.364                     TIME_TWELVE 3.366                    TIME_SIXTEEN 3.469                      PEDAL_MARK 3.477 
                     TREMOLO_3 =>                      TREMOLO_1 1.727                     HW_REST_set 1.770                      BREVE_REST 1.825                 PERCUSSION_CLEF 1.960                       TREMOLO_2 1.991 
                TIME_FIVE_FOUR =>                  TIME_SIX_FOUR 1.741                 TIME_THREE_FOUR 1.840                  TIME_FOUR_FOUR 2.250                   TIME_TWO_FOUR 2.257                        TIME_ONE 2.384 
                     TIME_ZERO =>                      TIME_NINE 1.771                        TIME_SIX 1.790                       TREMOLO_2 1.822                         DIGIT_0 1.828                 PERCUSSION_CLEF 2.077 
                       DIGIT_0 =>                      TIME_ZERO 1.828                      TUPLET_SIX 2.252                          OTTAVA 2.261                        TIME_SIX 2.336                      TIME_EIGHT 2.352 
                    G_CLEF_8VB =>                   G_CLEF_SMALL 1.868                          G_CLEF 2.181                      G_CLEF_8VA 2.906                     FLAG_3_DOWN 3.466                     FLAG_5_DOWN 3.467 
                 TIME_TWO_FOUR =>                TIME_THREE_FOUR 1.905                   TIME_SIX_FOUR 2.017                  TIME_FIVE_FOUR 2.257                    TIME_TWO_TWO 2.332                TIME_THREE_EIGHT 2.521 
[...]
                     TIME_FOUR =>                       TIME_TWO 1.994                    TIME_SIXTEEN 2.007                      DYNAMICS_P 2.052                     TIME_TWELVE 2.069                       TIME_FIVE 2.080 
                       MORDENT =>               MORDENT_INVERTED 2.003                    QUARTER_REST 2.403                     DYNAMICS_FF 2.833                    DYNAMICS_SFZ 2.881                  TIME_FOUR_FOUR 2.882 
              MORDENT_INVERTED =>                        MORDENT 2.003                    DYNAMICS_SFZ 2.683                    QUARTER_REST 2.968                        TIME_ONE 3.005                     DYNAMICS_FF 3.141 
                       PLUCK_P =>                     DYNAMICS_P 2.012                         PLUCK_A 2.388                     DYNAMICS_MF 2.413                     TIME_TWELVE 2.440                     DYNAMICS_PP 2.513 
                TIME_FOUR_FOUR =>                TIME_THREE_FOUR 2.030                   TIME_SIX_FOUR 2.081                    DYNAMICS_PPP 2.135                  TIME_FIVE_FOUR 2.250                        TIME_ONE 2.271 
                      TIME_ONE =>                   DYNAMICS_PPP 2.052                     DYNAMICS_MP 2.100                  TIME_FOUR_FOUR 2.271                TIME_THREE_EIGHT 2.366                  TIME_FIVE_FOUR 2.384 
                  DYNAMICS_PPP =>                       TIME_ONE 2.052                  TIME_FOUR_FOUR 2.135                 TIME_THREE_FOUR 2.362                   TIME_SIX_FOUR 2.392                     DYNAMICS_MP 2.448 
                   COMMON_TIME =>                        PLUCK_A 2.056                       TIME_NINE 2.076                        TIME_SIX 2.088                       TIME_FIVE 2.291                      TIME_THREE 2.461 
                   DYNAMICS_MP =>                       TIME_ONE 2.100                     DYNAMICS_PP 2.299                       TIME_FOUR 2.358                    TIME_SIXTEEN 2.360                    DYNAMICS_PPP 2.448 
                          CODA =>                      TIME_ZERO 2.103                       TREMOLO_2 2.375                 PERCUSSION_CLEF 2.426               PLAYING_HALF_OPEN 2.609                   PEDAL_UP_MARK 2.642 
               METRO_SIXTEENTH =>         METRO_DOTTED_SIXTEENTH 2.195                GRACE_NOTE_SLASH 2.532             METRO_DOTTED_EIGHTH 2.972                      EIGHTH_set 3.088           GRACE_NOTE_SLASH_DOWN 3.382 
        METRO_DOTTED_SIXTEENTH =>                METRO_SIXTEENTH 2.195             METRO_DOTTED_EIGHTH 2.661                GRACE_NOTE_SLASH 3.228                     DYNAMICS_MF 3.439           GRACE_NOTE_SLASH_DOWN 3.527 
                  TUPLET_THREE =>                     TUPLET_SIX 2.200                          OTTAVA 2.224                      TIME_THREE 2.353                       TIME_FIVE 2.356                      TIME_EIGHT 2.388 
                       DIGIT_4 =>                    DYNAMICS_MF 2.201                      DYNAMICS_P 2.334                              TR 2.479                     TIME_TWELVE 2.510                       TIME_FOUR 2.597 
                   DYNAMICS_SF =>                     DYNAMICS_P 2.204                     DYNAMICS_MF 2.431                      PEDAL_MARK 2.746                     TIME_TWELVE 2.764                         DIGIT_4 2.766 
                   DYNAMICS_FF =>                   DYNAMICS_FFF 2.257                    DYNAMICS_SFZ 2.529                      TUPLET_SIX 2.607                    TIME_SIXTEEN 2.704                      TURN_SLASH 2.751 
                  DYNAMICS_FFF =>                    DYNAMICS_FF 2.257               PLAYING_HALF_OPEN 2.602                    QUINDICESIMA 2.659                           SEGNO 2.660                    TIME_SIXTEEN 2.660 
                     ROMAN_III =>                        PLUCK_M 2.284                       TREMOLO_3 2.680                         DIGIT_0 2.918                        ROMAN_II 2.936                      TUPLET_SIX 3.026 
                       PLUCK_M =>                      ROMAN_III 2.284                       TREMOLO_3 2.353                      TUPLET_SIX 2.408                       TIME_FIVE 2.612                      TIME_THREE 2.655 
                   DYNAMICS_PP =>                    DYNAMICS_MP 2.299                     TIME_TWELVE 2.436                    TIME_SIXTEEN 2.473                      PEDAL_MARK 2.503                         PLUCK_P 2.513 
                            TR =>                    DYNAMICS_FP 2.311                       TIME_FOUR 2.346                         DIGIT_4 2.479                    TIME_SIXTEEN 2.526                        TIME_TWO 2.622 
                  QUINDICESIMA =>                   TIME_SIXTEEN 2.323                     TIME_TWELVE 2.489                         PLUCK_A 2.582                    VENTIDUESIMA 2.583                    DYNAMICS_FFF 2.659 
                     LONG_REST =>                      TREMOLO_1 2.327                      BREVE_REST 2.437                     HW_REST_set 2.482                 PERCUSSION_CLEF 2.503                       TREMOLO_2 2.542 
                  DOUBLE_SHARP =>                      TREMOLO_2 2.356                 PERCUSSION_CLEF 2.425                            CODA 2.784                   PEDAL_UP_MARK 2.903                       TREMOLO_1 2.923 
                 PEDAL_UP_MARK =>                      TIME_ZERO 2.364                            CODA 2.642                       TREMOLO_2 2.684                 PERCUSSION_CLEF 2.827                    DOUBLE_SHARP 2.903 
                  QUARTER_REST =>                        MORDENT 2.403                   STACCATISSIMO 2.720                  TIME_FOUR_FOUR 2.883                MORDENT_INVERTED 2.968                GRACE_NOTE_SLASH 3.044 
                    G_CLEF_8VA =>                   G_CLEF_SMALL 2.415                          G_CLEF 2.571                      G_CLEF_8VB 2.906                     FLAG_3_DOWN 3.461                          FLAG_3 3.567 
              SMALL_FLAG_SLASH =>          SMALL_FLAG_SLASH_DOWN 2.439                      SMALL_FLAG 2.582                          FLAG_1 2.896                 SMALL_FLAG_DOWN 2.972                     FLAG_1_DOWN 3.095 
         SMALL_FLAG_SLASH_DOWN =>               SMALL_FLAG_SLASH 2.439                 SMALL_FLAG_DOWN 3.023                     FLAG_1_DOWN 3.118                          FLAG_1 3.315                      SMALL_FLAG 3.494 
                     DAL_SEGNO =>                     ROMAN_VIII 2.459                         DA_CAPO 2.762                     DYNAMICS_MP 2.800                        TIME_ONE 2.970                TIME_THREE_EIGHT 3.025 
                    ROMAN_VIII =>                      DAL_SEGNO 2.459                     DYNAMICS_PP 2.915                     DYNAMICS_MP 3.095                    TUPLET_THREE 3.118                        ROMAN_VI 3.208 
                    TIME_SEVEN =>                     DYNAMICS_P 2.470                     DYNAMICS_MF 2.523                         PLUCK_P 2.575                   MARCATO_BELOW 2.667                       TIME_FOUR 2.688 
                    F_CLEF_8VB =>                    DYNAMICS_FP 2.484                     DYNAMICS_MF 2.497                    F_CLEF_SMALL 2.691                     EIGHTH_REST 2.742                      DYNAMICS_P 2.837 
                   METRO_WHOLE =>                      TIME_ZERO 2.498                      TUPLET_SIX 2.508                       TREMOLO_3 2.702                      TIME_THREE 2.713                       TIME_NINE 2.741 
                    PEDAL_MARK =>                    DYNAMICS_PP 2.503               TIME_TWELVE_EIGHT 2.514                       TIME_FOUR 2.554                    DYNAMICS_SFZ 2.665                    TIME_SIXTEEN 2.681 
                         SEGNO =>                     TURN_SLASH 2.514                    DYNAMICS_FFF 2.660                       TREMOLO_3 2.698                       TREMOLO_2 2.716                       TREMOLO_1 2.737 
                    TURN_SLASH =>                          SEGNO 2.514                       TREMOLO_3 2.636                       TREMOLO_2 2.690                      TUPLET_SIX 2.715                     DYNAMICS_FF 2.751 
             TIME_TWELVE_EIGHT =>                     PEDAL_MARK 2.514                      DYNAMICS_P 2.552                         DIGIT_4 2.657                     DYNAMICS_MF 2.722                       TIME_FOUR 2.766 
                  VENTIDUESIMA =>                    TIME_TWELVE 2.523                     DYNAMICS_PP 2.571                    QUINDICESIMA 2.583                    TIME_SIXTEEN 2.628                          C_CLEF 2.661 
                      CUT_TIME =>                      TIME_FOUR 2.527                     TIME_TWELVE 2.694                        TIME_TWO 2.713                       TIME_FIVE 2.717                    TIME_SIXTEEN 2.720 
                  DYNAMICS_SFZ =>                    DYNAMICS_FF 2.529                      TUPLET_SIX 2.545                    VENTIDUESIMA 2.663                      PEDAL_MARK 2.665                MORDENT_INVERTED 2.683 
              GRACE_NOTE_SLASH =>                METRO_SIXTEENTH 2.532                      EIGHTH_set 2.777           GRACE_NOTE_SLASH_DOWN 2.906                    QUARTER_REST 3.044          METRO_DOTTED_SIXTEENTH 3.228 
                       CAESURA =>                 REPEAT_ONE_BAR 2.544                           SEGNO 2.756                   TURN_INVERTED 2.819                         TURN_UP 2.985                            TURN 2.987 
                REPEAT_ONE_BAR =>                        CAESURA 2.544                       TREMOLO_3 3.181                       TREMOLO_1 3.241                REPEAT_FOUR_BARS 3.263                         NATURAL 3.265 
             PLAYING_HALF_OPEN =>                      TREMOLO_2 2.576                    DYNAMICS_FFF 2.602                            CODA 2.609                       TIME_ZERO 2.715                       TREMOLO_3 2.905 
                  PLAYING_OPEN =>                      TIME_ZERO 2.583                            CODA 2.699                   PEDAL_UP_MARK 2.934                        TIME_SIX 3.106                       TIME_NINE 3.139 
                        C_CLEF =>                     TIME_EIGHT 2.603                    VENTIDUESIMA 2.661                         PLUCK_M 2.667                        TIME_TWO 2.685                      TIME_THREE 2.758 
           METRO_DOTTED_EIGHTH =>         METRO_DOTTED_SIXTEENTH 2.661                 METRO_SIXTEENTH 2.972                      EIGHTH_set 3.199                GRACE_NOTE_SLASH 3.574           GRACE_NOTE_SLASH_DOWN 3.896 
                      ROMAN_II =>                        DIGIT_0 2.689                      TUPLET_SIX 2.749                       ROMAN_III 2.936                     DYNAMICS_FF 2.938                 PERCUSSION_CLEF 2.978 
                 METRO_QUARTER =>           METRO_DOTTED_QUARTER 2.704                      METRO_HALF 3.749                          FLAG_2 4.387                     FLAG_2_DOWN 4.411                   ONE_32ND_REST 4.431 
          METRO_DOTTED_QUARTER =>                  METRO_QUARTER 2.704               METRO_DOTTED_HALF 3.967                      METRO_HALF 3.995                            FLAT 4.358                   ONE_16TH_REST 4.664 
                 STACCATISSIMO =>                   QUARTER_REST 2.720                   TIME_SIX_FOUR 2.953                    DYNAMICS_PPP 2.968                  TIME_FOUR_FOUR 3.000                         MORDENT 3.022 
              REPEAT_FOUR_BARS =>                      TREMOLO_2 2.722                       TREMOLO_3 2.746                 PERCUSSION_CLEF 2.882                     HW_REST_set 2.995                       TREMOLO_1 3.051 
               GRACE_NOTE_DOWN =>          GRACE_NOTE_SLASH_DOWN 2.732                GRACE_NOTE_SLASH 3.572                    QUARTER_REST 3.574                   STACCATISSIMO 3.637                      EIGHTH_set 3.719 
         GRACE_NOTE_SLASH_DOWN =>                GRACE_NOTE_DOWN 2.732                GRACE_NOTE_SLASH 2.906                    QUARTER_REST 3.139                   STACCATISSIMO 3.164                         MORDENT 3.196 
                   EIGHTH_REST =>                     F_CLEF_8VB 2.742                     DYNAMICS_MF 2.898                         DIGIT_4 2.948                      TIME_SEVEN 3.122                     DYNAMICS_SF 3.229 
                      ROMAN_IV =>                       ROMAN_VI 2.755                         PLUCK_P 3.154                     DYNAMICS_MP 3.295                     DYNAMICS_MF 3.311                      DYNAMICS_P 3.326 
                      ROMAN_VI =>                       ROMAN_IV 2.755                      ROMAN_VIII 3.208                     DYNAMICS_FP 3.523                    TUPLET_THREE 3.618                       ROMAN_VII 3.658 
                       DA_CAPO =>                      DAL_SEGNO 2.762                      ROMAN_VIII 3.299                      PEDAL_MARK 3.375                     DYNAMICS_SF 3.401                TIME_THREE_EIGHT 3.439 
                    F_CLEF_8VA =>                         F_CLEF 2.777                     DYNAMICS_FP 2.881                    F_CLEF_SMALL 3.164                              TR 3.348                          C_CLEF 3.366 
                    EIGHTH_set =>               GRACE_NOTE_SLASH 2.777                 METRO_SIXTEENTH 3.088             METRO_DOTTED_EIGHTH 3.199                 GRACE_NOTE_DOWN 3.719          METRO_DOTTED_SIXTEENTH 3.752 
                 ONE_64TH_REST =>                 ONE_128TH_REST 2.834                   ONE_32ND_REST 3.733                    QUARTER_REST 4.106                     FLAG_5_DOWN 4.108                     FLAG_3_DOWN 4.155 
                ONE_128TH_REST =>                  ONE_64TH_REST 2.834                         DIGIT_1 4.130                      G_CLEF_8VA 4.143                         ROMAN_I 4.150                SMALL_FLAG_SLASH 4.211 
                       NATURAL =>                          SHARP 2.836                         CAESURA 3.044                REPEAT_FOUR_BARS 3.121                     FLAG_4_DOWN 3.219                         MORDENT 3.255 
                         SHARP =>                        NATURAL 2.836                         MORDENT 3.050                           SEGNO 3.212                    DYNAMICS_SFZ 3.284                MORDENT_INVERTED 3.288 
                   DOUBLE_FLAT =>                    DYNAMICS_FP 2.915                              TR 3.072                     DYNAMICS_MF 3.134                      PEDAL_MARK 3.277                     DYNAMICS_SF 3.317 
                       DIGIT_5 =>                       TIME_ONE 2.922                     DYNAMICS_MP 3.018                    TUPLET_THREE 3.104                      TUPLET_SIX 3.150                    DYNAMICS_PPP 3.151 
                     ROMAN_XII =>                   VENTIDUESIMA 2.963                    DYNAMICS_SFZ 3.231                     DYNAMICS_MP 3.278                       DAL_SEGNO 3.293                     DYNAMICS_PP 3.302 
                   BREATH_MARK =>                    DYNAMICS_SF 2.973                   MARCATO_BELOW 3.021                         MARCATO 3.100                      PEDAL_MARK 3.206                        CUT_TIME 3.227 
               REPEAT_TWO_BARS =>                          SEGNO 2.975                      TURN_SLASH 2.995                REPEAT_FOUR_BARS 3.074                       TREMOLO_2 3.187                 PERCUSSION_CLEF 3.260 
                       ROMAN_V =>                     F_CLEF_8VB 2.989                     DYNAMICS_MF 3.130                         DIGIT_4 3.198                     DYNAMICS_FP 3.438                     EIGHTH_REST 3.588 
                          FLAT =>                  ONE_16TH_REST 3.033                     DYNAMICS_SF 3.899                     DYNAMICS_MF 4.029                         CLUTTER 4.113                     EIGHTH_REST 4.176 
                 ONE_16TH_REST =>                           FLAT 3.033                   STACCATISSIMO 3.508                   ONE_32ND_REST 3.517                    QUARTER_REST 3.550                GRACE_NOTE_SLASH 3.725 
                       DIGIT_2 =>                        DIGIT_3 3.095                    TUPLET_THREE 3.192                         DIGIT_5 3.266                         PLUCK_M 3.516                       ROMAN_VII 3.591 
                       DIGIT_3 =>                        DIGIT_2 3.095                    TUPLET_THREE 3.214                     DYNAMICS_PP 3.242                         DIGIT_5 3.330                     DYNAMICS_MF 3.354 
                    DYNAMICS_F =>                        MORDENT 3.105                         DIGIT_1 3.259                         ROMAN_I 3.319                MORDENT_INVERTED 3.563                    QUARTER_REST 3.564 
                     ROMAN_VII =>                    DYNAMICS_MP 3.158                     DYNAMICS_PP 3.280                       ROMAN_XII 3.391                      PEDAL_MARK 3.448                  TIME_SIX_EIGHT 3.476 
                        ACCENT =>                     F_CLEF_8VB 3.333                     DYNAMICS_MF 3.453                         ROMAN_V 3.664                     DYNAMICS_FP 3.692                     EIGHTH_REST 3.818 
                       ROMAN_X =>                        DIGIT_1 3.439                    G_CLEF_SMALL 3.658                    QUARTER_REST 3.824                    DYNAMICS_SFZ 3.865                         ROMAN_I 3.876 
                 ONE_32ND_REST =>                  ONE_16TH_REST 3.517                    QUARTER_REST 3.532                   ONE_64TH_REST 3.733                     FLAG_5_DOWN 3.855                   STACCATISSIMO 3.894 
                        TENUTO =>                      LONG_REST 3.602                         ROMAN_I 3.954                  REPEAT_ONE_BAR 4.002                         NATURAL 4.106                         DIGIT_1 4.321 
                       CLUTTER =>                    EIGHTH_REST 3.736                      F_CLEF_8VB 4.022                            FLAT 4.113                   ONE_16TH_REST 4.165                     DYNAMICS_MF 4.258 
                    METRO_HALF =>                  METRO_QUARTER 3.749               METRO_DOTTED_HALF 3.942            METRO_DOTTED_QUARTER 3.995                            FLAT 4.351                          G_CLEF 4.940 
             METRO_DOTTED_HALF =>                     METRO_HALF 3.942            METRO_DOTTED_QUARTER 3.967                   METRO_QUARTER 4.601                            FLAT 4.723                      G_CLEF_8VA 4.789 
                       PLUCK_I =>                  STACCATISSIMO 4.227                   TIME_TWO_FOUR 4.366                         DIGIT_1 4.452                    G_CLEF_SMALL 4.458                         DA_CAPO 4.494 
                    ARPEGGIATO =>                         TENUTO 4.482                         NATURAL 5.567                  REPEAT_ONE_BAR 6.003                       LONG_REST 6.032                         DIGIT_1 6.034 
                PLAYING_CLOSED =>                   DOUBLE_SHARP 4.771                  REPEAT_ONE_BAR 5.119                       TREMOLO_2 5.145                MORDENT_INVERTED 5.158                      TIME_THREE 5.224 
                       DOT_set =>                    BREATH_MARK 5.986                    DYNAMICS_FFF 6.294                           SHARP 6.357               PLAYING_HALF_OPEN 6.430                      PEDAL_MARK 6.443 
]]></system-out>
  <system-err><![CDATA[]]></system-err>
</testsuite>
